<?xml version="1.0" encoding="UTF-8"?>
<!-- Generated by org.testng.reporters.JUnitXMLReporter -->
<testsuite hostname="Rtrojan_Nuke" name="Default test" tests="1" failures="1" timestamp="28 Jan 2020 10:02:45 GMT" time="0.2" errors="0">
  <testcase name="signin" time="0.06" classname="applicant.signin">
    <failure type="java.lang.StackOverflowError">
      <![CDATA[java.lang.StackOverflowError
	at applicant.signin.signin(signin.java:12)
	at applicant.signin.signin(signin.java:12)
	at applicant.signin.signin(signin.java:12)
	at applicant.signin.signin(signin.java:12)
	at applicant.signin.signin(signin.java:12)
	at applicant.signin.signin(signin.java:12)
	at applicant.signin.signin(signin.java:12)
	at applicant.signin.signin(signin.java:12)
	at applicant.signin.signin(signin.java:12)
	at applicant.signin.signin(signin.java:12)
	at applicant.signin.signin(signin.java:12)
	at applicant.signin.signin(signin.java:12)
	at applicant.signin.signin(signin.java:12)
	at applicant.signin.signin(signin.java:12)
	at applicant.signin.signin(signin.java:12)
	at applicant.signin.signin(signin.java:12)
	at applicant.signin.signin(signin.java:12)
	at applicant.signin.signin(signin.java:12)
	at applicant.signin.signin(signin.java:12)
	at applicant.signin.signin(signin.java:12)
	at applicant.signin.signin(signin.java:12)
	at applicant.signin.signin(signin.java:12)
	at applicant.signin.signin(signin.java:12)
	at applicant.signin.signin(signin.java:12)
	at applicant.signin.signin(signin.java:12)
	at applicant.signin.signin(signin.java:12)
	at applicant.signin.signin(signin.java:12)
	at applicant.signin.signin(signin.java:12)
	at applicant.signin.signin(signin.java:12)
	at applicant.signin.signin(signin.java:12)
	at applicant.signin.signin(signin.java:12)
	at applicant.signin.signin(signin.java:12)
	at applicant.signin.signin(signin.java:12)
	at applicant.signin.signin(signin.java:12)
	at applicant.signin.signin(signin.java:12)
	at applicant.signin.signin(signin.java:12)
	at applicant.signin.signin(signin.java:12)
	at applicant.signin.signin(signin.java:12)
	at applicant.signin.signin(signin.java:12)
	at applicant.signin.signin(signin.java:12)
	at applicant.signin.signin(signin.java:12)
	at applicant.signin.signin(signin.java:12)
	at applicant.signin.signin(signin.java:12)
	at applicant.signin.signin(signin.java:12)
	at applicant.signin.signin(signin.java:12)
	at applicant.signin.signin(signin.java:12)
	at applicant.signin.signin(signin.java:12)
	at applicant.signin.signin(signin.java:12)
	at applicant.signin.signin(signin.java:12)
	at applicant.signin.signin(signin.java:12)
	at applicant.signin.signin(signin.java:12)
	at applicant.signin.signin(signin.java:12)
	at applicant.signin.signin(signin.java:12)
	at applicant.signin.signin(signin.java:12)
	at applicant.signin.signin(signin.java:12)
	at applicant.signin.signin(signin.java:12)
	at applicant.signin.signin(signin.java:12)
	at applicant.signin.signin(signin.java:12)
	at applicant.signin.signin(signin.java:12)
	at applicant.signin.signin(signin.java:12)
	at applicant.signin.signin(signin.java:12)
	at applicant.signin.signin(signin.java:12)
	at applicant.signin.signin(signin.java:12)
	at applicant.signin.signin(signin.java:12)
	at applicant.signin.signin(signin.java:12)
	at applicant.signin.signin(signin.java:12)
	at applicant.signin.signin(signin.java:12)
	at applicant.signin.signin(signin.java:12)
	at applicant.signin.signin(signin.java:12)
	at applicant.signin.signin(signin.java:12)
	at applicant.signin.signin(signin.java:12)
	at applicant.signin.signin(signin.java:12)
	at applicant.signin.signin(signin.java:12)
	at applicant.signin.signin(signin.java:12)
	at applicant.signin.signin(signin.java:12)
	at applicant.signin.signin(signin.java:12)
	at applicant.signin.signin(signin.java:12)
	at applicant.signin.signin(signin.java:12)
	at applicant.signin.signin(signin.java:12)
	at applicant.signin.signin(signin.java:12)
	at applicant.signin.signin(signin.java:12)
	at applicant.signin.signin(signin.java:12)
	at applicant.signin.signin(signin.java:12)
	at applicant.signin.signin(signin.java:12)
	at applicant.signin.signin(signin.java:12)
	at applicant.signin.signin(signin.java:12)
	at applicant.signin.signin(signin.java:12)
	at applicant.signin.signin(signin.java:12)
	at applicant.signin.signin(signin.java:12)
	at applicant.signin.signin(signin.java:12)
	at applicant.signin.signin(signin.java:12)
	at applicant.signin.signin(signin.java:12)
	at applicant.signin.signin(signin.java:12)
	at applicant.signin.signin(signin.java:12)
	at applicant.signin.signin(signin.java:12)
	at applicant.signin.signin(signin.java:12)
	at applicant.signin.signin(signin.java:12)
	at applicant.signin.signin(signin.java:12)
	at applicant.signin.signin(signin.java:12)
	at applicant.signin.signin(signin.java:12)
	at applicant.signin.signin(signin.java:12)
	at applicant.signin.signin(signin.java:12)
	at applicant.signin.signin(signin.java:12)
	at applicant.signin.signin(signin.java:12)
	at applicant.signin.signin(signin.java:12)
	at applicant.signin.signin(signin.java:12)
	at applicant.signin.signin(signin.java:12)
	at applicant.signin.signin(signin.java:12)
	at applicant.signin.signin(signin.java:12)
	at applicant.signin.signin(signin.java:12)
	at applicant.signin.signin(signin.java:12)
	at applicant.signin.signin(signin.java:12)
	at applicant.signin.signin(signin.java:12)
	at applicant.signin.signin(signin.java:12)
	at applicant.signin.signin(signin.java:12)
	at applicant.signin.signin(signin.java:12)
	at applicant.signin.signin(signin.java:12)
	at applicant.signin.signin(signin.java:12)
	at applicant.signin.signin(signin.java:12)
	at applicant.signin.signin(signin.java:12)
	at applicant.signin.signin(signin.java:12)
	at applicant.signin.signin(signin.java:12)
	at applicant.signin.signin(signin.java:12)
	at applicant.signin.signin(signin.java:12)
	at applicant.signin.signin(signin.java:12)
	at applicant.signin.signin(signin.java:12)
	at applicant.signin.signin(signin.java:12)
	at applicant.signin.signin(signin.java:12)
	at applicant.signin.signin(signin.java:12)
	at applicant.signin.signin(signin.java:12)
	at applicant.signin.signin(signin.java:12)
	at applicant.signin.signin(signin.java:12)
	at applicant.signin.signin(signin.java:12)
	at applicant.signin.signin(signin.java:12)
	at applicant.signin.signin(signin.java:12)
	at applicant.signin.signin(signin.java:12)
	at applicant.signin.signin(signin.java:12)
	at applicant.signin.signin(signin.java:12)
	at applicant.signin.signin(signin.java:12)
	at applicant.signin.signin(signin.java:12)
	at applicant.signin.signin(signin.java:12)
	at applicant.signin.signin(signin.java:12)
	at applicant.signin.signin(signin.java:12)
	at applicant.signin.signin(signin.java:12)
	at applicant.signin.signin(signin.java:12)
	at applicant.signin.signin(signin.java:12)
	at applicant.signin.signin(signin.java:12)
	at applicant.signin.signin(signin.java:12)
	at applicant.signin.signin(signin.java:12)
	at applicant.signin.signin(signin.java:12)
	at applicant.signin.signin(signin.java:12)
	at applicant.signin.signin(signin.java:12)
	at applicant.signin.signin(signin.java:12)
	at applicant.signin.signin(signin.java:12)
	at applicant.signin.signin(signin.java:12)
	at applicant.signin.signin(signin.java:12)
	at applicant.signin.signin(signin.java:12)
	at applicant.signin.signin(signin.java:12)
	at applicant.signin.signin(signin.java:12)
	at applicant.signin.signin(signin.java:12)
	at applicant.signin.signin(signin.java:12)
	at applicant.signin.signin(signin.java:12)
	at applicant.signin.signin(signin.java:12)
	at applicant.signin.signin(signin.java:12)
	at applicant.signin.signin(signin.java:12)
	at applicant.signin.signin(signin.java:12)
	at applicant.signin.signin(signin.java:12)
	at applicant.signin.signin(signin.java:12)
	at applicant.signin.signin(signin.java:12)
	at applicant.signin.signin(signin.java:12)
	at applicant.signin.signin(signin.java:12)
	at applicant.signin.signin(signin.java:12)
	at applicant.signin.signin(signin.java:12)
	at applicant.signin.signin(signin.java:12)
	at applicant.signin.signin(signin.java:12)
	at applicant.signin.signin(signin.java:12)
	at applicant.signin.signin(signin.java:12)
	at applicant.signin.signin(signin.java:12)
	at applicant.signin.signin(signin.java:12)
	at applicant.signin.signin(signin.java:12)
	at applicant.signin.signin(signin.java:12)
	at applicant.signin.signin(signin.java:12)
	at applicant.signin.signin(signin.java:12)
	at applicant.signin.signin(signin.java:12)
	at applicant.signin.signin(signin.java:12)
	at applicant.signin.signin(signin.java:12)
	at applicant.signin.signin(signin.java:12)
	at applicant.signin.signin(signin.java:12)
	at applicant.signin.signin(signin.java:12)
	at applicant.signin.signin(signin.java:12)
	at applicant.signin.signin(signin.java:12)
	at applicant.signin.signin(signin.java:12)
	at applicant.signin.signin(signin.java:12)
	at applicant.signin.signin(signin.java:12)
	at applicant.signin.signin(signin.java:12)
	at applicant.signin.signin(signin.java:12)
	at applicant.signin.signin(signin.java:12)
	at applicant.signin.signin(signin.java:12)
	at applicant.signin.signin(signin.java:12)
	at applicant.signin.signin(signin.java:12)
	at applicant.signin.signin(signin.java:12)
	at applicant.signin.signin(signin.java:12)
	at applicant.signin.signin(signin.java:12)
	at applicant.signin.signin(signin.java:12)
	at applicant.signin.signin(signin.java:12)
	at applicant.signin.signin(signin.java:12)
	at applicant.signin.signin(signin.java:12)
	at applicant.signin.signin(signin.java:12)
	at applicant.signin.signin(signin.java:12)
	at applicant.signin.signin(signin.java:12)
	at applicant.signin.signin(signin.java:12)
	at applicant.signin.signin(signin.java:12)
	at applicant.signin.signin(signin.java:12)
	at applicant.signin.signin(signin.java:12)
	at applicant.signin.signin(signin.java:12)
	at applicant.signin.signin(signin.java:12)
	at applicant.signin.signin(signin.java:12)
	at applicant.signin.signin(signin.java:12)
	at applicant.signin.signin(signin.java:12)
	at applicant.signin.signin(signin.java:12)
	at applicant.signin.signin(signin.java:12)
	at applicant.signin.signin(signin.java:12)
	at applicant.signin.signin(signin.java:12)
	at applicant.signin.signin(signin.java:12)
	at applicant.signin.signin(signin.java:12)
	at applicant.signin.signin(signin.java:12)
	at applicant.signin.signin(signin.java:12)
	at applicant.signin.signin(signin.java:12)
	at applicant.signin.signin(signin.java:12)
	at applicant.signin.signin(signin.java:12)
	at applicant.signin.signin(signin.java:12)
	at applicant.signin.signin(signin.java:12)
	at applicant.signin.signin(signin.java:12)
	at applicant.signin.signin(signin.java:12)
	at applicant.signin.signin(signin.java:12)
	at applicant.signin.signin(signin.java:12)
	at applicant.signin.signin(signin.java:12)
	at applicant.signin.signin(signin.java:12)
	at applicant.signin.signin(signin.java:12)
	at applicant.signin.signin(signin.java:12)
	at applicant.signin.signin(signin.java:12)
	at applicant.signin.signin(signin.java:12)
	at applicant.signin.signin(signin.java:12)
	at applicant.signin.signin(signin.java:12)
	at applicant.signin.signin(signin.java:12)
	at applicant.signin.signin(signin.java:12)
	at applicant.signin.signin(signin.java:12)
	at applicant.signin.signin(signin.java:12)
	at applicant.signin.signin(signin.java:12)
	at applicant.signin.signin(signin.java:12)
	at applicant.signin.signin(signin.java:12)
	at applicant.signin.signin(signin.java:12)
	at applicant.signin.signin(signin.java:12)
	at applicant.signin.signin(signin.java:12)
	at applicant.signin.signin(signin.java:12)
	at applicant.signin.signin(signin.java:12)
	at applicant.signin.signin(signin.java:12)
	at applicant.signin.signin(signin.java:12)
	at applicant.signin.signin(signin.java:12)
	at applicant.signin.signin(signin.java:12)
	at applicant.signin.signin(signin.java:12)
	at applicant.signin.signin(signin.java:12)
	at applicant.signin.signin(signin.java:12)
	at applicant.signin.signin(signin.java:12)
	at applicant.signin.signin(signin.java:12)
	at applicant.signin.signin(signin.java:12)
	at applicant.signin.signin(signin.java:12)
	at applicant.signin.signin(signin.java:12)
	at applicant.signin.signin(signin.java:12)
	at applicant.signin.signin(signin.java:12)
	at applicant.signin.signin(signin.java:12)
	at applicant.signin.signin(signin.java:12)
	at applicant.signin.signin(signin.java:12)
	at applicant.signin.signin(signin.java:12)
	at applicant.signin.signin(signin.java:12)
	at applicant.signin.signin(signin.java:12)
	at applicant.signin.signin(signin.java:12)
	at applicant.signin.signin(signin.java:12)
	at applicant.signin.signin(signin.java:12)
	at applicant.signin.signin(signin.java:12)
	at applicant.signin.signin(signin.java:12)
	at applicant.signin.signin(signin.java:12)
	at applicant.signin.signin(signin.java:12)
	at applicant.signin.signin(signin.java:12)
	at applicant.signin.signin(signin.java:12)
	at applicant.signin.signin(signin.java:12)
	at applicant.signin.signin(signin.java:12)
	at applicant.signin.signin(signin.java:12)
	at applicant.signin.signin(signin.java:12)
	at applicant.signin.signin(signin.java:12)
	at applicant.signin.signin(signin.java:12)
	at applicant.signin.signin(signin.java:12)
	at applicant.signin.signin(signin.java:12)
	at applicant.signin.signin(signin.java:12)
	at applicant.signin.signin(signin.java:12)
	at applicant.signin.signin(signin.java:12)
	at applicant.signin.signin(signin.java:12)
	at applicant.signin.signin(signin.java:12)
	at applicant.signin.signin(signin.java:12)
	at applicant.signin.signin(signin.java:12)
	at applicant.signin.signin(signin.java:12)
	at applicant.signin.signin(signin.java:12)
	at applicant.signin.signin(signin.java:12)
	at applicant.signin.signin(signin.java:12)
	at applicant.signin.signin(signin.java:12)
	at applicant.signin.signin(signin.java:12)
	at applicant.signin.signin(signin.java:12)
	at applicant.signin.signin(signin.java:12)
	at applicant.signin.signin(signin.java:12)
	at applicant.signin.signin(signin.java:12)
	at applicant.signin.signin(signin.java:12)
	at applicant.signin.signin(signin.java:12)
	at applicant.signin.signin(signin.java:12)
	at applicant.signin.signin(signin.java:12)
	at applicant.signin.signin(signin.java:12)
	at applicant.signin.signin(signin.java:12)
	at applicant.signin.signin(signin.java:12)
	at applicant.signin.signin(signin.java:12)
	at applicant.signin.signin(signin.java:12)
	at applicant.signin.signin(signin.java:12)
	at applicant.signin.signin(signin.java:12)
	at applicant.signin.signin(signin.java:12)
	at applicant.signin.signin(signin.java:12)
	at applicant.signin.signin(signin.java:12)
	at applicant.signin.signin(signin.java:12)
	at applicant.signin.signin(signin.java:12)
	at applicant.signin.signin(signin.java:12)
	at applicant.signin.signin(signin.java:12)
	at applicant.signin.signin(signin.java:12)
	at applicant.signin.signin(signin.java:12)
	at applicant.signin.signin(signin.java:12)
	at applicant.signin.signin(signin.java:12)
	at applicant.signin.signin(signin.java:12)
	at applicant.signin.signin(signin.java:12)
	at applicant.signin.signin(signin.java:12)
	at applicant.signin.signin(signin.java:12)
	at applicant.signin.signin(signin.java:12)
	at applicant.signin.signin(signin.java:12)
	at applicant.signin.signin(signin.java:12)
	at applicant.signin.signin(signin.java:12)
	at applicant.signin.signin(signin.java:12)
	at applicant.signin.signin(signin.java:12)
	at applicant.signin.signin(signin.java:12)
	at applicant.signin.signin(signin.java:12)
	at applicant.signin.signin(signin.java:12)
	at applicant.signin.signin(signin.java:12)
	at applicant.signin.signin(signin.java:12)
	at applicant.signin.signin(signin.java:12)
	at applicant.signin.signin(signin.java:12)
	at applicant.signin.signin(signin.java:12)
	at applicant.signin.signin(signin.java:12)
	at applicant.signin.signin(signin.java:12)
	at applicant.signin.signin(signin.java:12)
	at applicant.signin.signin(signin.java:12)
	at applicant.signin.signin(signin.java:12)
	at applicant.signin.signin(signin.java:12)
	at applicant.signin.signin(signin.java:12)
	at applicant.signin.signin(signin.java:12)
	at applicant.signin.signin(signin.java:12)
	at applicant.signin.signin(signin.java:12)
	at applicant.signin.signin(signin.java:12)
	at applicant.signin.signin(signin.java:12)
	at applicant.signin.signin(signin.java:12)
	at applicant.signin.signin(signin.java:12)
	at applicant.signin.signin(signin.java:12)
	at applicant.signin.signin(signin.java:12)
	at applicant.signin.signin(signin.java:12)
	at applicant.signin.signin(signin.java:12)
	at applicant.signin.signin(signin.java:12)
	at applicant.signin.signin(signin.java:12)
	at applicant.signin.signin(signin.java:12)
	at applicant.signin.signin(signin.java:12)
	at applicant.signin.signin(signin.java:12)
	at applicant.signin.signin(signin.java:12)
	at applicant.signin.signin(signin.java:12)
	at applicant.signin.signin(signin.java:12)
	at applicant.signin.signin(signin.java:12)
	at applicant.signin.signin(signin.java:12)
	at applicant.signin.signin(signin.java:12)
	at applicant.signin.signin(signin.java:12)
	at applicant.signin.signin(signin.java:12)
	at applicant.signin.signin(signin.java:12)
	at applicant.signin.signin(signin.java:12)
	at applicant.signin.signin(signin.java:12)
	at applicant.signin.signin(signin.java:12)
	at applicant.signin.signin(signin.java:12)
	at applicant.signin.signin(signin.java:12)
	at applicant.signin.signin(signin.java:12)
	at applicant.signin.signin(signin.java:12)
	at applicant.signin.signin(signin.java:12)
	at applicant.signin.signin(signin.java:12)
	at applicant.signin.signin(signin.java:12)
	at applicant.signin.signin(signin.java:12)
	at applicant.signin.signin(signin.java:12)
	at applicant.signin.signin(signin.java:12)
	at applicant.signin.signin(signin.java:12)
	at applicant.signin.signin(signin.java:12)
	at applicant.signin.signin(signin.java:12)
	at applicant.signin.signin(signin.java:12)
	at applicant.signin.signin(signin.java:12)
	at applicant.signin.signin(signin.java:12)
	at applicant.signin.signin(signin.java:12)
	at applicant.signin.signin(signin.java:12)
	at applicant.signin.signin(signin.java:12)
	at applicant.signin.signin(signin.java:12)
	at applicant.signin.signin(signin.java:12)
	at applicant.signin.signin(signin.java:12)
	at applicant.signin.signin(signin.java:12)
	at applicant.signin.signin(signin.java:12)
	at applicant.signin.signin(signin.java:12)
	at applicant.signin.signin(signin.java:12)
	at applicant.signin.signin(signin.java:12)
	at applicant.signin.signin(signin.java:12)
	at applicant.signin.signin(signin.java:12)
	at applicant.signin.signin(signin.java:12)
	at applicant.signin.signin(signin.java:12)
	at applicant.signin.signin(signin.java:12)
	at applicant.signin.signin(signin.java:12)
	at applicant.signin.signin(signin.java:12)
	at applicant.signin.signin(signin.java:12)
	at applicant.signin.signin(signin.java:12)
	at applicant.signin.signin(signin.java:12)
	at applicant.signin.signin(signin.java:12)
	at applicant.signin.signin(signin.java:12)
	at applicant.signin.signin(signin.java:12)
	at applicant.signin.signin(signin.java:12)
	at applicant.signin.signin(signin.java:12)
	at applicant.signin.signin(signin.java:12)
	at applicant.signin.signin(signin.java:12)
	at applicant.signin.signin(signin.java:12)
	at applicant.signin.signin(signin.java:12)
	at applicant.signin.signin(signin.java:12)
	at applicant.signin.signin(signin.java:12)
	at applicant.signin.signin(signin.java:12)
	at applicant.signin.signin(signin.java:12)
	at applicant.signin.signin(signin.java:12)
	at applicant.signin.signin(signin.java:12)
	at applicant.signin.signin(signin.java:12)
	at applicant.signin.signin(signin.java:12)
	at applicant.signin.signin(signin.java:12)
	at applicant.signin.signin(signin.java:12)
	at applicant.signin.signin(signin.java:12)
	at applicant.signin.signin(signin.java:12)
	at applicant.signin.signin(signin.java:12)
	at applicant.signin.signin(signin.java:12)
	at applicant.signin.signin(signin.java:12)
	at applicant.signin.signin(signin.java:12)
	at applicant.signin.signin(signin.java:12)
	at applicant.signin.signin(signin.java:12)
	at applicant.signin.signin(signin.java:12)
	at applicant.signin.signin(signin.java:12)
	at applicant.signin.signin(signin.java:12)
	at applicant.signin.signin(signin.java:12)
	at applicant.signin.signin(signin.java:12)
	at applicant.signin.signin(signin.java:12)
	at applicant.signin.signin(signin.java:12)
	at applicant.signin.signin(signin.java:12)
	at applicant.signin.signin(signin.java:12)
	at applicant.signin.signin(signin.java:12)
	at applicant.signin.signin(signin.java:12)
	at applicant.signin.signin(signin.java:12)
	at applicant.signin.signin(signin.java:12)
	at applicant.signin.signin(signin.java:12)
	at applicant.signin.signin(signin.java:12)
	at applicant.signin.signin(signin.java:12)
	at applicant.signin.signin(signin.java:12)
	at applicant.signin.signin(signin.java:12)
	at applicant.signin.signin(signin.java:12)
	at applicant.signin.signin(signin.java:12)
	at applicant.signin.signin(signin.java:12)
	at applicant.signin.signin(signin.java:12)
	at applicant.signin.signin(signin.java:12)
	at applicant.signin.signin(signin.java:12)
	at applicant.signin.signin(signin.java:12)
	at applicant.signin.signin(signin.java:12)
	at applicant.signin.signin(signin.java:12)
	at applicant.signin.signin(signin.java:12)
	at applicant.signin.signin(signin.java:12)
	at applicant.signin.signin(signin.java:12)
	at applicant.signin.signin(signin.java:12)
	at applicant.signin.signin(signin.java:12)
	at applicant.signin.signin(signin.java:12)
	at applicant.signin.signin(signin.java:12)
	at applicant.signin.signin(signin.java:12)
	at applicant.signin.signin(signin.java:12)
	at applicant.signin.signin(signin.java:12)
	at applicant.signin.signin(signin.java:12)
	at applicant.signin.signin(signin.java:12)
	at applicant.signin.signin(signin.java:12)
	at applicant.signin.signin(signin.java:12)
	at applicant.signin.signin(signin.java:12)
	at applicant.signin.signin(signin.java:12)
	at applicant.signin.signin(signin.java:12)
	at applicant.signin.signin(signin.java:12)
	at applicant.signin.signin(signin.java:12)
	at applicant.signin.signin(signin.java:12)
	at applicant.signin.signin(signin.java:12)
	at applicant.signin.signin(signin.java:12)
	at applicant.signin.signin(signin.java:12)
	at applicant.signin.signin(signin.java:12)
	at applicant.signin.signin(signin.java:12)
	at applicant.signin.signin(signin.java:12)
	at applicant.signin.signin(signin.java:12)
	at applicant.signin.signin(signin.java:12)
	at applicant.signin.signin(signin.java:12)
	at applicant.signin.signin(signin.java:12)
	at applicant.signin.signin(signin.java:12)
	at applicant.signin.signin(signin.java:12)
	at applicant.signin.signin(signin.java:12)
	at applicant.signin.signin(signin.java:12)
	at applicant.signin.signin(signin.java:12)
	at applicant.signin.signin(signin.java:12)
	at applicant.signin.signin(signin.java:12)
	at applicant.signin.signin(signin.java:12)
	at applicant.signin.signin(signin.java:12)
	at applicant.signin.signin(signin.java:12)
	at applicant.signin.signin(signin.java:12)
	at applicant.signin.signin(signin.java:12)
	at applicant.signin.signin(signin.java:12)
	at applicant.signin.signin(signin.java:12)
	at applicant.signin.signin(signin.java:12)
	at applicant.signin.signin(signin.java:12)
	at applicant.signin.signin(signin.java:12)
	at applicant.signin.signin(signin.java:12)
	at applicant.signin.signin(signin.java:12)
	at applicant.signin.signin(signin.java:12)
	at applicant.signin.signin(signin.java:12)
	at applicant.signin.signin(signin.java:12)
	at applicant.signin.signin(signin.java:12)
	at applicant.signin.signin(signin.java:12)
	at applicant.signin.signin(signin.java:12)
	at applicant.signin.signin(signin.java:12)
	at applicant.signin.signin(signin.java:12)
	at applicant.signin.signin(signin.java:12)
	at applicant.signin.signin(signin.java:12)
	at applicant.signin.signin(signin.java:12)
	at applicant.signin.signin(signin.java:12)
	at applicant.signin.signin(signin.java:12)
	at applicant.signin.signin(signin.java:12)
	at applicant.signin.signin(signin.java:12)
	at applicant.signin.signin(signin.java:12)
	at applicant.signin.signin(signin.java:12)
	at applicant.signin.signin(signin.java:12)
	at applicant.signin.signin(signin.java:12)
	at applicant.signin.signin(signin.java:12)
	at applicant.signin.signin(signin.java:12)
	at applicant.signin.signin(signin.java:12)
	at applicant.signin.signin(signin.java:12)
	at applicant.signin.signin(signin.java:12)
	at applicant.signin.signin(signin.java:12)
	at applicant.signin.signin(signin.java:12)
	at applicant.signin.signin(signin.java:12)
	at applicant.signin.signin(signin.java:12)
	at applicant.signin.signin(signin.java:12)
	at applicant.signin.signin(signin.java:12)
	at applicant.signin.signin(signin.java:12)
	at applicant.signin.signin(signin.java:12)
	at applicant.signin.signin(signin.java:12)
	at applicant.signin.signin(signin.java:12)
	at applicant.signin.signin(signin.java:12)
	at applicant.signin.signin(signin.java:12)
	at applicant.signin.signin(signin.java:12)
	at applicant.signin.signin(signin.java:12)
	at applicant.signin.signin(signin.java:12)
	at applicant.signin.signin(signin.java:12)
	at applicant.signin.signin(signin.java:12)
	at applicant.signin.signin(signin.java:12)
	at applicant.signin.signin(signin.java:12)
	at applicant.signin.signin(signin.java:12)
	at applicant.signin.signin(signin.java:12)
	at applicant.signin.signin(signin.java:12)
	at applicant.signin.signin(signin.java:12)
	at applicant.signin.signin(signin.java:12)
	at applicant.signin.signin(signin.java:12)
	at applicant.signin.signin(signin.java:12)
	at applicant.signin.signin(signin.java:12)
	at applicant.signin.signin(signin.java:12)
	at applicant.signin.signin(signin.java:12)
	at applicant.signin.signin(signin.java:12)
	at applicant.signin.signin(signin.java:12)
	at applicant.signin.signin(signin.java:12)
	at applicant.signin.signin(signin.java:12)
	at applicant.signin.signin(signin.java:12)
	at applicant.signin.signin(signin.java:12)
	at applicant.signin.signin(signin.java:12)
	at applicant.signin.signin(signin.java:12)
	at applicant.signin.signin(signin.java:12)
	at applicant.signin.signin(signin.java:12)
	at applicant.signin.signin(signin.java:12)
	at applicant.signin.signin(signin.java:12)
	at applicant.signin.signin(signin.java:12)
	at applicant.signin.signin(signin.java:12)
	at applicant.signin.signin(signin.java:12)
	at applicant.signin.signin(signin.java:12)
	at applicant.signin.signin(signin.java:12)
	at applicant.signin.signin(signin.java:12)
	at applicant.signin.signin(signin.java:12)
	at applicant.signin.signin(signin.java:12)
	at applicant.signin.signin(signin.java:12)
	at applicant.signin.signin(signin.java:12)
	at applicant.signin.signin(signin.java:12)
	at applicant.signin.signin(signin.java:12)
	at applicant.signin.signin(signin.java:12)
	at applicant.signin.signin(signin.java:12)
	at applicant.signin.signin(signin.java:12)
	at applicant.signin.signin(signin.java:12)
	at applicant.signin.signin(signin.java:12)
	at applicant.signin.signin(signin.java:12)
	at applicant.signin.signin(signin.java:12)
	at applicant.signin.signin(signin.java:12)
	at applicant.signin.signin(signin.java:12)
	at applicant.signin.signin(signin.java:12)
	at applicant.signin.signin(signin.java:12)
	at applicant.signin.signin(signin.java:12)
	at applicant.signin.signin(signin.java:12)
	at applicant.signin.signin(signin.java:12)
	at applicant.signin.signin(signin.java:12)
	at applicant.signin.signin(signin.java:12)
	at applicant.signin.signin(signin.java:12)
	at applicant.signin.signin(signin.java:12)
	at applicant.signin.signin(signin.java:12)
	at applicant.signin.signin(signin.java:12)
	at applicant.signin.signin(signin.java:12)
	at applicant.signin.signin(signin.java:12)
	at applicant.signin.signin(signin.java:12)
	at applicant.signin.signin(signin.java:12)
	at applicant.signin.signin(signin.java:12)
	at applicant.signin.signin(signin.java:12)
	at applicant.signin.signin(signin.java:12)
	at applicant.signin.signin(signin.java:12)
	at applicant.signin.signin(signin.java:12)
	at applicant.signin.signin(signin.java:12)
	at applicant.signin.signin(signin.java:12)
	at applicant.signin.signin(signin.java:12)
	at applicant.signin.signin(signin.java:12)
	at applicant.signin.signin(signin.java:12)
	at applicant.signin.signin(signin.java:12)
	at applicant.signin.signin(signin.java:12)
	at applicant.signin.signin(signin.java:12)
	at applicant.signin.signin(signin.java:12)
	at applicant.signin.signin(signin.java:12)
	at applicant.signin.signin(signin.java:12)
	at applicant.signin.signin(signin.java:12)
	at applicant.signin.signin(signin.java:12)
	at applicant.signin.signin(signin.java:12)
	at applicant.signin.signin(signin.java:12)
	at applicant.signin.signin(signin.java:12)
	at applicant.signin.signin(signin.java:12)
	at applicant.signin.signin(signin.java:12)
	at applicant.signin.signin(signin.java:12)
	at applicant.signin.signin(signin.java:12)
	at applicant.signin.signin(signin.java:12)
	at applicant.signin.signin(signin.java:12)
	at applicant.signin.signin(signin.java:12)
	at applicant.signin.signin(signin.java:12)
	at applicant.signin.signin(signin.java:12)
	at applicant.signin.signin(signin.java:12)
	at applicant.signin.signin(signin.java:12)
	at applicant.signin.signin(signin.java:12)
	at applicant.signin.signin(signin.java:12)
	at applicant.signin.signin(signin.java:12)
	at applicant.signin.signin(signin.java:12)
	at applicant.signin.signin(signin.java:12)
	at applicant.signin.signin(signin.java:12)
	at applicant.signin.signin(signin.java:12)
	at applicant.signin.signin(signin.java:12)
	at applicant.signin.signin(signin.java:12)
	at applicant.signin.signin(signin.java:12)
	at applicant.signin.signin(signin.java:12)
	at applicant.signin.signin(signin.java:12)
	at applicant.signin.signin(signin.java:12)
	at applicant.signin.signin(signin.java:12)
	at applicant.signin.signin(signin.java:12)
	at applicant.signin.signin(signin.java:12)
	at applicant.signin.signin(signin.java:12)
	at applicant.signin.signin(signin.java:12)
	at applicant.signin.signin(signin.java:12)
	at applicant.signin.signin(signin.java:12)
	at applicant.signin.signin(signin.java:12)
	at applicant.signin.signin(signin.java:12)
	at applicant.signin.signin(signin.java:12)
	at applicant.signin.signin(signin.java:12)
	at applicant.signin.signin(signin.java:12)
	at applicant.signin.signin(signin.java:12)
	at applicant.signin.signin(signin.java:12)
	at applicant.signin.signin(signin.java:12)
	at applicant.signin.signin(signin.java:12)
	at applicant.signin.signin(signin.java:12)
	at applicant.signin.signin(signin.java:12)
	at applicant.signin.signin(signin.java:12)
	at applicant.signin.signin(signin.java:12)
	at applicant.signin.signin(signin.java:12)
	at applicant.signin.signin(signin.java:12)
	at applicant.signin.signin(signin.java:12)
	at applicant.signin.signin(signin.java:12)
	at applicant.signin.signin(signin.java:12)
	at applicant.signin.signin(signin.java:12)
	at applicant.signin.signin(signin.java:12)
	at applicant.signin.signin(signin.java:12)
	at applicant.signin.signin(signin.java:12)
	at applicant.signin.signin(signin.java:12)
	at applicant.signin.signin(signin.java:12)
	at applicant.signin.signin(signin.java:12)
	at applicant.signin.signin(signin.java:12)
	at applicant.signin.signin(signin.java:12)
	at applicant.signin.signin(signin.java:12)
	at applicant.signin.signin(signin.java:12)
	at applicant.signin.signin(signin.java:12)
	at applicant.signin.signin(signin.java:12)
	at applicant.signin.signin(signin.java:12)
	at applicant.signin.signin(signin.java:12)
	at applicant.signin.signin(signin.java:12)
	at applicant.signin.signin(signin.java:12)
	at applicant.signin.signin(signin.java:12)
	at applicant.signin.signin(signin.java:12)
	at applicant.signin.signin(signin.java:12)
	at applicant.signin.signin(signin.java:12)
	at applicant.signin.signin(signin.java:12)
	at applicant.signin.signin(signin.java:12)
	at applicant.signin.signin(signin.java:12)
	at applicant.signin.signin(signin.java:12)
	at applicant.signin.signin(signin.java:12)
	at applicant.signin.signin(signin.java:12)
	at applicant.signin.signin(signin.java:12)
	at applicant.signin.signin(signin.java:12)
	at applicant.signin.signin(signin.java:12)
	at applicant.signin.signin(signin.java:12)
	at applicant.signin.signin(signin.java:12)
	at applicant.signin.signin(signin.java:12)
	at applicant.signin.signin(signin.java:12)
	at applicant.signin.signin(signin.java:12)
	at applicant.signin.signin(signin.java:12)
	at applicant.signin.signin(signin.java:12)
	at applicant.signin.signin(signin.java:12)
	at applicant.signin.signin(signin.java:12)
	at applicant.signin.signin(signin.java:12)
	at applicant.signin.signin(signin.java:12)
	at applicant.signin.signin(signin.java:12)
	at applicant.signin.signin(signin.java:12)
	at applicant.signin.signin(signin.java:12)
	at applicant.signin.signin(signin.java:12)
	at applicant.signin.signin(signin.java:12)
	at applicant.signin.signin(signin.java:12)
	at applicant.signin.signin(signin.java:12)
	at applicant.signin.signin(signin.java:12)
	at applicant.signin.signin(signin.java:12)
	at applicant.signin.signin(signin.java:12)
	at applicant.signin.signin(signin.java:12)
	at applicant.signin.signin(signin.java:12)
	at applicant.signin.signin(signin.java:12)
	at applicant.signin.signin(signin.java:12)
	at applicant.signin.signin(signin.java:12)
	at applicant.signin.signin(signin.java:12)
	at applicant.signin.signin(signin.java:12)
	at applicant.signin.signin(signin.java:12)
	at applicant.signin.signin(signin.java:12)
	at applicant.signin.signin(signin.java:12)
	at applicant.signin.signin(signin.java:12)
	at applicant.signin.signin(signin.java:12)
	at applicant.signin.signin(signin.java:12)
	at applicant.signin.signin(signin.java:12)
	at applicant.signin.signin(signin.java:12)
	at applicant.signin.signin(signin.java:12)
	at applicant.signin.signin(signin.java:12)
	at applicant.signin.signin(signin.java:12)
	at applicant.signin.signin(signin.java:12)
	at applicant.signin.signin(signin.java:12)
	at applicant.signin.signin(signin.java:12)
	at applicant.signin.signin(signin.java:12)
	at applicant.signin.signin(signin.java:12)
	at applicant.signin.signin(signin.java:12)
	at applicant.signin.signin(signin.java:12)
	at applicant.signin.signin(signin.java:12)
	at applicant.signin.signin(signin.java:12)
	at applicant.signin.signin(signin.java:12)
	at applicant.signin.signin(signin.java:12)
	at applicant.signin.signin(signin.java:12)
	at applicant.signin.signin(signin.java:12)
	at applicant.signin.signin(signin.java:12)
	at applicant.signin.signin(signin.java:12)
	at applicant.signin.signin(signin.java:12)
	at applicant.signin.signin(signin.java:12)
	at applicant.signin.signin(signin.java:12)
	at applicant.signin.signin(signin.java:12)
	at applicant.signin.signin(signin.java:12)
	at applicant.signin.signin(signin.java:12)
	at applicant.signin.signin(signin.java:12)
	at applicant.signin.signin(signin.java:12)
	at applicant.signin.signin(signin.java:12)
	at applicant.signin.signin(signin.java:12)
	at applicant.signin.signin(signin.java:12)
	at applicant.signin.signin(signin.java:12)
	at applicant.signin.signin(signin.java:12)
	at applicant.signin.signin(signin.java:12)
	at applicant.signin.signin(signin.java:12)
	at applicant.signin.signin(signin.java:12)
	at applicant.signin.signin(signin.java:12)
	at applicant.signin.signin(signin.java:12)
	at applicant.signin.signin(signin.java:12)
	at applicant.signin.signin(signin.java:12)
	at applicant.signin.signin(signin.java:12)
	at applicant.signin.signin(signin.java:12)
	at applicant.signin.signin(signin.java:12)
	at applicant.signin.signin(signin.java:12)
	at applicant.signin.signin(signin.java:12)
	at applicant.signin.signin(signin.java:12)
	at applicant.signin.signin(signin.java:12)
	at applicant.signin.signin(signin.java:12)
	at applicant.signin.signin(signin.java:12)
	at applicant.signin.signin(signin.java:12)
	at applicant.signin.signin(signin.java:12)
	at applicant.signin.signin(signin.java:12)
	at applicant.signin.signin(signin.java:12)
	at applicant.signin.signin(signin.java:12)
	at applicant.signin.signin(signin.java:12)
	at applicant.signin.signin(signin.java:12)
	at applicant.signin.signin(signin.java:12)
	at applicant.signin.signin(signin.java:12)
	at applicant.signin.signin(signin.java:12)
	at applicant.signin.signin(signin.java:12)
	at applicant.signin.signin(signin.java:12)
	at applicant.signin.signin(signin.java:12)
	at applicant.signin.signin(signin.java:12)
	at applicant.signin.signin(signin.java:12)
	at applicant.signin.signin(signin.java:12)
	at applicant.signin.signin(signin.java:12)
	at applicant.signin.signin(signin.java:12)
	at applicant.signin.signin(signin.java:12)
	at applicant.signin.signin(signin.java:12)
	at applicant.signin.signin(signin.java:12)
	at applicant.signin.signin(signin.java:12)
	at applicant.signin.signin(signin.java:12)
	at applicant.signin.signin(signin.java:12)
	at applicant.signin.signin(signin.java:12)
	at applicant.signin.signin(signin.java:12)
	at applicant.signin.signin(signin.java:12)
	at applicant.signin.signin(signin.java:12)
	at applicant.signin.signin(signin.java:12)
	at applicant.signin.signin(signin.java:12)
	at applicant.signin.signin(signin.java:12)
	at applicant.signin.signin(signin.java:12)
	at applicant.signin.signin(signin.java:12)
	at applicant.signin.signin(signin.java:12)
	at applicant.signin.signin(signin.java:12)
	at applicant.signin.signin(signin.java:12)
	at applicant.signin.signin(signin.java:12)
	at applicant.signin.signin(signin.java:12)
	at applicant.signin.signin(signin.java:12)
	at applicant.signin.signin(signin.java:12)
	at applicant.signin.signin(signin.java:12)
	at applicant.signin.signin(signin.java:12)
	at applicant.signin.signin(signin.java:12)
	at applicant.signin.signin(signin.java:12)
	at applicant.signin.signin(signin.java:12)
	at applicant.signin.signin(signin.java:12)
	at applicant.signin.signin(signin.java:12)
	at applicant.signin.signin(signin.java:12)
	at applicant.signin.signin(signin.java:12)
	at applicant.signin.signin(signin.java:12)
	at applicant.signin.signin(signin.java:12)
	at applicant.signin.signin(signin.java:12)
	at applicant.signin.signin(signin.java:12)
	at applicant.signin.signin(signin.java:12)
	at applicant.signin.signin(signin.java:12)
	at applicant.signin.signin(signin.java:12)
	at applicant.signin.signin(signin.java:12)
	at applicant.signin.signin(signin.java:12)
	at applicant.signin.signin(signin.java:12)
	at applicant.signin.signin(signin.java:12)
	at applicant.signin.signin(signin.java:12)
	at applicant.signin.signin(signin.java:12)
	at applicant.signin.signin(signin.java:12)
	at applicant.signin.signin(signin.java:12)
	at applicant.signin.signin(signin.java:12)
	at applicant.signin.signin(signin.java:12)
	at applicant.signin.signin(signin.java:12)
	at applicant.signin.signin(signin.java:12)
	at applicant.signin.signin(signin.java:12)
	at applicant.signin.signin(signin.java:12)
	at applicant.signin.signin(signin.java:12)
	at applicant.signin.signin(signin.java:12)
	at applicant.signin.signin(signin.java:12)
	at applicant.signin.signin(signin.java:12)
	at applicant.signin.signin(signin.java:12)
	at applicant.signin.signin(signin.java:12)
	at applicant.signin.signin(signin.java:12)
	at applicant.signin.signin(signin.java:12)
	at applicant.signin.signin(signin.java:12)
	at applicant.signin.signin(signin.java:12)
	at applicant.signin.signin(signin.java:12)
	at applicant.signin.signin(signin.java:12)
	at applicant.signin.signin(signin.java:12)
	at applicant.signin.signin(signin.java:12)
	at applicant.signin.signin(signin.java:12)
	at applicant.signin.signin(signin.java:12)
	at applicant.signin.signin(signin.java:12)
	at applicant.signin.signin(signin.java:12)
	at applicant.signin.signin(signin.java:12)
	at applicant.signin.signin(signin.java:12)
	at applicant.signin.signin(signin.java:12)
	at applicant.signin.signin(signin.java:12)
	at applicant.signin.signin(signin.java:12)
	at applicant.signin.signin(signin.java:12)
	at applicant.signin.signin(signin.java:12)
	at applicant.signin.signin(signin.java:12)
	at applicant.signin.signin(signin.java:12)
	at applicant.signin.signin(signin.java:12)
	at applicant.signin.signin(signin.java:12)
	at applicant.signin.signin(signin.java:12)
	at applicant.signin.signin(signin.java:12)
	at applicant.signin.signin(signin.java:12)
	at applicant.signin.signin(signin.java:12)
	at applicant.signin.signin(signin.java:12)
	at applicant.signin.signin(signin.java:12)
	at applicant.signin.signin(signin.java:12)
	at applicant.signin.signin(signin.java:12)
	at applicant.signin.signin(signin.java:12)
	at applicant.signin.signin(signin.java:12)
	at applicant.signin.signin(signin.java:12)
	at applicant.signin.signin(signin.java:12)
	at applicant.signin.signin(signin.java:12)
	at applicant.signin.signin(signin.java:12)
	at applicant.signin.signin(signin.java:12)
	at applicant.signin.signin(signin.java:12)
	at applicant.signin.signin(signin.java:12)
	at applicant.signin.signin(signin.java:12)
	at applicant.signin.signin(signin.java:12)
	at applicant.signin.signin(signin.java:12)
	at applicant.signin.signin(signin.java:12)
	at applicant.signin.signin(signin.java:12)
	at applicant.signin.signin(signin.java:12)
	at applicant.signin.signin(signin.java:12)
	at applicant.signin.signin(signin.java:12)
	at applicant.signin.signin(signin.java:12)
	at applicant.signin.signin(signin.java:12)
	at applicant.signin.signin(signin.java:12)
	at applicant.signin.signin(signin.java:12)
	at applicant.signin.signin(signin.java:12)
	at applicant.signin.signin(signin.java:12)
	at applicant.signin.signin(signin.java:12)
	at applicant.signin.signin(signin.java:12)
	at applicant.signin.signin(signin.java:12)
	at applicant.signin.signin(signin.java:12)
	at applicant.signin.signin(signin.java:12)
	at applicant.signin.signin(signin.java:12)
	at applicant.signin.signin(signin.java:12)
	at applicant.signin.signin(signin.java:12)
	at applicant.signin.signin(signin.java:12)
	at applicant.signin.signin(signin.java:12)
	at applicant.signin.signin(signin.java:12)
	at applicant.signin.signin(signin.java:12)
	at applicant.signin.signin(signin.java:12)
	at applicant.signin.signin(signin.java:12)
	at applicant.signin.signin(signin.java:12)
	at applicant.signin.signin(signin.java:12)
	at applicant.signin.signin(signin.java:12)
	at applicant.signin.signin(signin.java:12)
	at applicant.signin.signin(signin.java:12)
	at applicant.signin.signin(signin.java:12)
	at applicant.signin.signin(signin.java:12)
	at applicant.signin.signin(signin.java:12)
	at applicant.signin.signin(signin.java:12)
	at applicant.signin.signin(signin.java:12)
	at applicant.signin.signin(signin.java:12)
	at applicant.signin.signin(signin.java:12)
	at applicant.signin.signin(signin.java:12)
	at applicant.signin.signin(signin.java:12)
	at applicant.signin.signin(signin.java:12)
	at applicant.signin.signin(signin.java:12)
	at applicant.signin.signin(signin.java:12)
	at applicant.signin.signin(signin.java:12)
	at applicant.signin.signin(signin.java:12)
	at applicant.signin.signin(signin.java:12)
	at applicant.signin.signin(signin.java:12)
	at applicant.signin.signin(signin.java:12)
	at applicant.signin.signin(signin.java:12)
	at applicant.signin.signin(signin.java:12)
	at applicant.signin.signin(signin.java:12)
	at applicant.signin.signin(signin.java:12)
	at applicant.signin.signin(signin.java:12)
	at applicant.signin.signin(signin.java:12)
	at applicant.signin.signin(signin.java:12)
	at applicant.signin.signin(signin.java:12)
	at applicant.signin.signin(signin.java:12)
	at applicant.signin.signin(signin.java:12)
	at applicant.signin.signin(signin.java:12)
	at applicant.signin.signin(signin.java:12)
	at applicant.signin.signin(signin.java:12)
	at applicant.signin.signin(signin.java:12)
	at applicant.signin.signin(signin.java:12)
	at applicant.signin.signin(signin.java:12)
	at applicant.signin.signin(signin.java:12)
	at applicant.signin.signin(signin.java:12)
	at applicant.signin.signin(signin.java:12)
	at applicant.signin.signin(signin.java:12)
	at applicant.signin.signin(signin.java:12)
	at applicant.signin.signin(signin.java:12)
	at applicant.signin.signin(signin.java:12)
	at applicant.signin.signin(signin.java:12)
	at applicant.signin.signin(signin.java:12)
	at applicant.signin.signin(signin.java:12)
	at applicant.signin.signin(signin.java:12)
	at applicant.signin.signin(signin.java:12)
	at applicant.signin.signin(signin.java:12)
	at applicant.signin.signin(signin.java:12)
	at applicant.signin.signin(signin.java:12)
	at applicant.signin.signin(signin.java:12)
	at applicant.signin.signin(signin.java:12)
	at applicant.signin.signin(signin.java:12)
	at applicant.signin.signin(signin.java:12)
	at applicant.signin.signin(signin.java:12)
	at applicant.signin.signin(signin.java:12)
	at applicant.signin.signin(signin.java:12)
	at applicant.signin.signin(signin.java:12)
	at applicant.signin.signin(signin.java:12)
	at applicant.signin.signin(signin.java:12)
	at applicant.signin.signin(signin.java:12)
	at applicant.signin.signin(signin.java:12)
	at applicant.signin.signin(signin.java:12)
	at applicant.signin.signin(signin.java:12)
	at applicant.signin.signin(signin.java:12)
	at applicant.signin.signin(signin.java:12)
	at applicant.signin.signin(signin.java:12)
	at applicant.signin.signin(signin.java:12)
]]>
    </failure>
  </testcase> <!-- signin -->
</testsuite> <!-- Default test -->
