<?xml version="1.0" encoding="UTF-8"?>
<testng-results skipped="0" failed="0" ignored="0" total="1" passed="1">
  <reporter-output>
  </reporter-output>
  <suite name="Default suite" duration-ms="2378" started-at="2020-01-28T09:46:32Z" finished-at="2020-01-28T09:46:35Z">
    <groups>
    </groups>
    <test name="Default test" duration-ms="2378" started-at="2020-01-28T09:46:32Z" finished-at="2020-01-28T09:46:35Z">
      <class name="com.w2a.testcase.applicant.ApplyUndergraduate">
        <test-method status="PASS" signature="setUp()[pri:0, instance:com.w2a.testcase.applicant.ApplyUndergraduate@58695725]" name="setUp" is-config="true" duration-ms="11090" started-at="2020-01-28T10:46:21Z" finished-at="2020-01-28T10:46:32Z">
          <reporter-output>
          </reporter-output>
        </test-method> <!-- setUp -->
        <test-method status="PASS" signature="applyUndergraduate()[pri:0, instance:com.w2a.testcase.applicant.ApplyUndergraduate@58695725]" name="applyUndergraduate" duration-ms="2235" started-at="2020-01-28T10:46:33Z" finished-at="2020-01-28T10:46:35Z">
          <reporter-output>
          </reporter-output>
        </test-method> <!-- applyUndergraduate -->
        <test-method status="PASS" signature="tearDown()[pri:0, instance:com.w2a.testcase.applicant.ApplyUndergraduate@58695725]" name="tearDown" is-config="true" duration-ms="2127" started-at="2020-01-28T10:46:37Z" finished-at="2020-01-28T10:46:39Z">
          <reporter-output>
          </reporter-output>
        </test-method> <!-- tearDown -->
      </class> <!-- com.w2a.testcase.applicant.ApplyUndergraduate -->
    </test> <!-- Default test -->
  </suite> <!-- Default suite -->
</testng-results>
