<?xml version="1.0" encoding="UTF-8"?>
<testng-results skipped="0" failed="1" total="1" passed="0">
  <reporter-output>
  </reporter-output>
  <suite name="Default suite" duration-ms="200" started-at="2020-01-28T10:02:44Z" finished-at="2020-01-28T10:02:44Z">
    <groups>
    </groups>
    <test name="Default test" duration-ms="200" started-at="2020-01-28T10:02:44Z" finished-at="2020-01-28T10:02:44Z">
      <class name="applicant.signin">
        <test-method status="PASS" signature="setUp()[pri:0, instance:applicant.signin@11c9af63]" name="setUp" is-config="true" duration-ms="142552" started-at="2020-01-28T11:00:21Z" finished-at="2020-01-28T11:02:44Z">
          <reporter-output>
          </reporter-output>
        </test-method> <!-- setUp -->
        <test-method status="FAIL" signature="signin()[pri:0, instance:applicant.signin@11c9af63]" name="signin" duration-ms="60" started-at="2020-01-28T11:02:44Z" finished-at="2020-01-28T11:02:44Z">
          <exception class="java.lang.StackOverflowError">
            <full-stacktrace>
              <![CDATA[java.lang.StackOverflowError
	at applicant.signin.signin(signin.java:12)
	at applicant.signin.signin(signin.java:12)
	at applicant.signin.signin(signin.java:12)
	at applicant.signin.signin(signin.java:12)
	at applicant.signin.signin(signin.java:12)
	at applicant.signin.signin(signin.java:12)
	at applicant.signin.signin(signin.java:12)
	at applicant.signin.signin(signin.java:12)
	at applicant.signin.signin(signin.java:12)
	at applicant.signin.signin(signin.java:12)
	at applicant.signin.signin(signin.java:12)
	at applicant.signin.signin(signin.java:12)
	at applicant.signin.signin(signin.java:12)
	at applicant.signin.signin(signin.java:12)
	at applicant.signin.signin(signin.java:12)
	at applicant.signin.signin(signin.java:12)
	at applicant.signin.signin(signin.java:12)
	at applicant.signin.signin(signin.java:12)
	at applicant.signin.signin(signin.java:12)
	at applicant.signin.signin(signin.java:12)
	at applicant.signin.signin(signin.java:12)
	at applicant.signin.signin(signin.java:12)
	at applicant.signin.signin(signin.java:12)
	at applicant.signin.signin(signin.java:12)
	at applicant.signin.signin(signin.java:12)
	at applicant.signin.signin(signin.java:12)
	at applicant.signin.signin(signin.java:12)
	at applicant.signin.signin(signin.java:12)
	at applicant.signin.signin(signin.java:12)
	at applicant.signin.signin(signin.java:12)
	at applicant.signin.signin(signin.java:12)
	at applicant.signin.signin(signin.java:12)
	at applicant.signin.signin(signin.java:12)
	at applicant.signin.signin(signin.java:12)
	at applicant.signin.signin(signin.java:12)
	at applicant.signin.signin(signin.java:12)
	at applicant.signin.signin(signin.java:12)
	at applicant.signin.signin(signin.java:12)
	at applicant.signin.signin(signin.java:12)
	at applicant.signin.signin(signin.java:12)
	at applicant.signin.signin(signin.java:12)
	at applicant.signin.signin(signin.java:12)
	at applicant.signin.signin(signin.java:12)
	at applicant.signin.signin(signin.java:12)
	at applicant.signin.signin(signin.java:12)
	at applicant.signin.signin(signin.java:12)
	at applicant.signin.signin(signin.java:12)
	at applicant.signin.signin(signin.java:12)
	at applicant.signin.signin(signin.java:12)
	at applicant.signin.signin(signin.java:12)
	at applicant.signin.signin(signin.java:12)
	at applicant.signin.signin(signin.java:12)
	at applicant.signin.signin(signin.java:12)
	at applicant.signin.signin(signin.java:12)
	at applicant.signin.signin(signin.java:12)
	at applicant.signin.signin(signin.java:12)
	at applicant.signin.signin(signin.java:12)
	at applicant.signin.signin(signin.java:12)
	at applicant.signin.signin(signin.java:12)
	at applicant.signin.signin(signin.java:12)
	at applicant.signin.signin(signin.java:12)
	at applicant.signin.signin(signin.java:12)
	at applicant.signin.signin(signin.java:12)
	at applicant.signin.signin(signin.java:12)
	at applicant.signin.signin(signin.java:12)
	at applicant.signin.signin(signin.java:12)
	at applicant.signin.signin(signin.java:12)
	at applicant.signin.signin(signin.java:12)
	at applicant.signin.signin(signin.java:12)
	at applicant.signin.signin(signin.java:12)
	at applicant.signin.signin(signin.java:12)
	at applicant.signin.signin(signin.java:12)
	at applicant.signin.signin(signin.java:12)
	at applicant.signin.signin(signin.java:12)
	at applicant.signin.signin(signin.java:12)
	at applicant.signin.signin(signin.java:12)
	at applicant.signin.signin(signin.java:12)
	at applicant.signin.signin(signin.java:12)
	at applicant.signin.signin(signin.java:12)
	at applicant.signin.signin(signin.java:12)
	at applicant.signin.signin(signin.java:12)
	at applicant.signin.signin(signin.java:12)
	at applicant.signin.signin(signin.java:12)
	at applicant.signin.signin(signin.java:12)
	at applicant.signin.signin(signin.java:12)
	at applicant.signin.signin(signin.java:12)
	at applicant.signin.signin(signin.java:12)
	at applicant.signin.signin(signin.java:12)
	at applicant.signin.signin(signin.java:12)
	at applicant.signin.signin(signin.java:12)
	at applicant.signin.signin(signin.java:12)
	at applicant.signin.signin(signin.java:12)
	at applicant.signin.signin(signin.java:12)
	at applicant.signin.signin(signin.java:12)
	at applicant.signin.signin(signin.java:12)
	at applicant.signin.signin(signin.java:12)
	at applicant.signin.signin(signin.java:12)
	at applicant.signin.signin(signin.java:12)
	at applicant.signin.signin(signin.java:12)
	at applicant.signin.signin(signin.java:12)
	at applicant.signin.signin(signin.java:12)
	at applicant.signin.signin(signin.java:12)
	at applicant.signin.signin(signin.java:12)
	at applicant.signin.signin(signin.java:12)
	at applicant.signin.signin(signin.java:12)
	at applicant.signin.signin(signin.java:12)
	at applicant.signin.signin(signin.java:12)
	at applicant.signin.signin(signin.java:12)
	at applicant.signin.signin(signin.java:12)
	at applicant.signin.signin(signin.java:12)
	at applicant.signin.signin(signin.java:12)
	at applicant.signin.signin(signin.java:12)
	at applicant.signin.signin(signin.java:12)
	at applicant.signin.signin(signin.java:12)
	at applicant.signin.signin(signin.java:12)
	at applicant.signin.signin(signin.java:12)
	at applicant.signin.signin(signin.java:12)
	at applicant.signin.signin(signin.java:12)
	at applicant.signin.signin(signin.java:12)
	at applicant.signin.signin(signin.java:12)
	at applicant.signin.signin(signin.java:12)
	at applicant.signin.signin(signin.java:12)
	at applicant.signin.signin(signin.java:12)
	at applicant.signin.signin(signin.java:12)
	at applicant.signin.signin(signin.java:12)
	at applicant.signin.signin(signin.java:12)
	at applicant.signin.signin(signin.java:12)
	at applicant.signin.signin(signin.java:12)
	at applicant.signin.signin(signin.java:12)
	at applicant.signin.signin(signin.java:12)
	at applicant.signin.signin(signin.java:12)
	at applicant.signin.signin(signin.java:12)
	at applicant.signin.signin(signin.java:12)
	at applicant.signin.signin(signin.java:12)
	at applicant.signin.signin(signin.java:12)
	at applicant.signin.signin(signin.java:12)
	at applicant.signin.signin(signin.java:12)
	at applicant.signin.signin(signin.java:12)
	at applicant.signin.signin(signin.java:12)
	at applicant.signin.signin(signin.java:12)
	at applicant.signin.signin(signin.java:12)
	at applicant.signin.signin(signin.java:12)
	at applicant.signin.signin(signin.java:12)
	at applicant.signin.signin(signin.java:12)
	at applicant.signin.signin(signin.java:12)
	at applicant.signin.signin(signin.java:12)
	at applicant.signin.signin(signin.java:12)
	at applicant.signin.signin(signin.java:12)
	at applicant.signin.signin(signin.java:12)
	at applicant.signin.signin(signin.java:12)
	at applicant.signin.signin(signin.java:12)
	at applicant.signin.signin(signin.java:12)
	at applicant.signin.signin(signin.java:12)
	at applicant.signin.signin(signin.java:12)
	at applicant.signin.signin(signin.java:12)
	at applicant.signin.signin(signin.java:12)
	at applicant.signin.signin(signin.java:12)
	at applicant.signin.signin(signin.java:12)
	at applicant.signin.signin(signin.java:12)
	at applicant.signin.signin(signin.java:12)
	at applicant.signin.signin(signin.java:12)
	at applicant.signin.signin(signin.java:12)
	at applicant.signin.signin(signin.java:12)
	at applicant.signin.signin(signin.java:12)
	at applicant.signin.signin(signin.java:12)
	at applicant.signin.signin(signin.java:12)
	at applicant.signin.signin(signin.java:12)
	at applicant.signin.signin(signin.java:12)
	at applicant.signin.signin(signin.java:12)
	at applicant.signin.signin(signin.java:12)
	at applicant.signin.signin(signin.java:12)
	at applicant.signin.signin(signin.java:12)
	at applicant.signin.signin(signin.java:12)
	at applicant.signin.signin(signin.java:12)
	at applicant.signin.signin(signin.java:12)
	at applicant.signin.signin(signin.java:12)
	at applicant.signin.signin(signin.java:12)
	at applicant.signin.signin(signin.java:12)
	at applicant.signin.signin(signin.java:12)
	at applicant.signin.signin(signin.java:12)
	at applicant.signin.signin(signin.java:12)
	at applicant.signin.signin(signin.java:12)
	at applicant.signin.signin(signin.java:12)
	at applicant.signin.signin(signin.java:12)
	at applicant.signin.signin(signin.java:12)
	at applicant.signin.signin(signin.java:12)
	at applicant.signin.signin(signin.java:12)
	at applicant.signin.signin(signin.java:12)
	at applicant.signin.signin(signin.java:12)
	at applicant.signin.signin(signin.java:12)
	at applicant.signin.signin(signin.java:12)
	at applicant.signin.signin(signin.java:12)
	at applicant.signin.signin(signin.java:12)
	at applicant.signin.signin(signin.java:12)
	at applicant.signin.signin(signin.java:12)
	at applicant.signin.signin(signin.java:12)
	at applicant.signin.signin(signin.java:12)
	at applicant.signin.signin(signin.java:12)
	at applicant.signin.signin(signin.java:12)
	at applicant.signin.signin(signin.java:12)
	at applicant.signin.signin(signin.java:12)
	at applicant.signin.signin(signin.java:12)
	at applicant.signin.signin(signin.java:12)
	at applicant.signin.signin(signin.java:12)
	at applicant.signin.signin(signin.java:12)
	at applicant.signin.signin(signin.java:12)
	at applicant.signin.signin(signin.java:12)
	at applicant.signin.signin(signin.java:12)
	at applicant.signin.signin(signin.java:12)
	at applicant.signin.signin(signin.java:12)
	at applicant.signin.signin(signin.java:12)
	at applicant.signin.signin(signin.java:12)
	at applicant.signin.signin(signin.java:12)
	at applicant.signin.signin(signin.java:12)
	at applicant.signin.signin(signin.java:12)
	at applicant.signin.signin(signin.java:12)
	at applicant.signin.signin(signin.java:12)
	at applicant.signin.signin(signin.java:12)
	at applicant.signin.signin(signin.java:12)
	at applicant.signin.signin(signin.java:12)
	at applicant.signin.signin(signin.java:12)
	at applicant.signin.signin(signin.java:12)
	at applicant.signin.signin(signin.java:12)
	at applicant.signin.signin(signin.java:12)
	at applicant.signin.signin(signin.java:12)
	at applicant.signin.signin(signin.java:12)
	at applicant.signin.signin(signin.java:12)
	at applicant.signin.signin(signin.java:12)
	at applicant.signin.signin(signin.java:12)
	at applicant.signin.signin(signin.java:12)
	at applicant.signin.signin(signin.java:12)
	at applicant.signin.signin(signin.java:12)
	at applicant.signin.signin(signin.java:12)
	at applicant.signin.signin(signin.java:12)
	at applicant.signin.signin(signin.java:12)
	at applicant.signin.signin(signin.java:12)
	at applicant.signin.signin(signin.java:12)
	at applicant.signin.signin(signin.java:12)
	at applicant.signin.signin(signin.java:12)
	at applicant.signin.signin(signin.java:12)
	at applicant.signin.signin(signin.java:12)
	at applicant.signin.signin(signin.java:12)
	at applicant.signin.signin(signin.java:12)
	at applicant.signin.signin(signin.java:12)
	at applicant.signin.signin(signin.java:12)
	at applicant.signin.signin(signin.java:12)
	at applicant.signin.signin(signin.java:12)
	at applicant.signin.signin(signin.java:12)
	at applicant.signin.signin(signin.java:12)
	at applicant.signin.signin(signin.java:12)
	at applicant.signin.signin(signin.java:12)
	at applicant.signin.signin(signin.java:12)
	at applicant.signin.signin(signin.java:12)
	at applicant.signin.signin(signin.java:12)
	at applicant.signin.signin(signin.java:12)
	at applicant.signin.signin(signin.java:12)
	at applicant.signin.signin(signin.java:12)
	at applicant.signin.signin(signin.java:12)
	at applicant.signin.signin(signin.java:12)
	at applicant.signin.signin(signin.java:12)
	at applicant.signin.signin(signin.java:12)
	at applicant.signin.signin(signin.java:12)
	at applicant.signin.signin(signin.java:12)
	at applicant.signin.signin(signin.java:12)
	at applicant.signin.signin(signin.java:12)
	at applicant.signin.signin(signin.java:12)
	at applicant.signin.signin(signin.java:12)
	at applicant.signin.signin(signin.java:12)
	at applicant.signin.signin(signin.java:12)
	at applicant.signin.signin(signin.java:12)
	at applicant.signin.signin(signin.java:12)
	at applicant.signin.signin(signin.java:12)
	at applicant.signin.signin(signin.java:12)
	at applicant.signin.signin(signin.java:12)
	at applicant.signin.signin(signin.java:12)
	at applicant.signin.signin(signin.java:12)
	at applicant.signin.signin(signin.java:12)
	at applicant.signin.signin(signin.java:12)
	at applicant.signin.signin(signin.java:12)
	at applicant.signin.signin(signin.java:12)
	at applicant.signin.signin(signin.java:12)
	at applicant.signin.signin(signin.java:12)
	at applicant.signin.signin(signin.java:12)
	at applicant.signin.signin(signin.java:12)
	at applicant.signin.signin(signin.java:12)
	at applicant.signin.signin(signin.java:12)
	at applicant.signin.signin(signin.java:12)
	at applicant.signin.signin(signin.java:12)
	at applicant.signin.signin(signin.java:12)
	at applicant.signin.signin(signin.java:12)
	at applicant.signin.signin(signin.java:12)
	at applicant.signin.signin(signin.java:12)
	at applicant.signin.signin(signin.java:12)
	at applicant.signin.signin(signin.java:12)
	at applicant.signin.signin(signin.java:12)
	at applicant.signin.signin(signin.java:12)
	at applicant.signin.signin(signin.java:12)
	at applicant.signin.signin(signin.java:12)
	at applicant.signin.signin(signin.java:12)
	at applicant.signin.signin(signin.java:12)
	at applicant.signin.signin(signin.java:12)
	at applicant.signin.signin(signin.java:12)
	at applicant.signin.signin(signin.java:12)
	at applicant.signin.signin(signin.java:12)
	at applicant.signin.signin(signin.java:12)
	at applicant.signin.signin(signin.java:12)
	at applicant.signin.signin(signin.java:12)
	at applicant.signin.signin(signin.java:12)
	at applicant.signin.signin(signin.java:12)
	at applicant.signin.signin(signin.java:12)
	at applicant.signin.signin(signin.java:12)
	at applicant.signin.signin(signin.java:12)
	at applicant.signin.signin(signin.java:12)
	at applicant.signin.signin(signin.java:12)
	at applicant.signin.signin(signin.java:12)
	at applicant.signin.signin(signin.java:12)
	at applicant.signin.signin(signin.java:12)
	at applicant.signin.signin(signin.java:12)
	at applicant.signin.signin(signin.java:12)
	at applicant.signin.signin(signin.java:12)
	at applicant.signin.signin(signin.java:12)
	at applicant.signin.signin(signin.java:12)
	at applicant.signin.signin(signin.java:12)
	at applicant.signin.signin(signin.java:12)
	at applicant.signin.signin(signin.java:12)
	at applicant.signin.signin(signin.java:12)
	at applicant.signin.signin(signin.java:12)
	at applicant.signin.signin(signin.java:12)
	at applicant.signin.signin(signin.java:12)
	at applicant.signin.signin(signin.java:12)
	at applicant.signin.signin(signin.java:12)
	at applicant.signin.signin(signin.java:12)
	at applicant.signin.signin(signin.java:12)
	at applicant.signin.signin(signin.java:12)
	at applicant.signin.signin(signin.java:12)
	at applicant.signin.signin(signin.java:12)
	at applicant.signin.signin(signin.java:12)
	at applicant.signin.signin(signin.java:12)
	at applicant.signin.signin(signin.java:12)
	at applicant.signin.signin(signin.java:12)
	at applicant.signin.signin(signin.java:12)
	at applicant.signin.signin(signin.java:12)
	at applicant.signin.signin(signin.java:12)
	at applicant.signin.signin(signin.java:12)
	at applicant.signin.signin(signin.java:12)
	at applicant.signin.signin(signin.java:12)
	at applicant.signin.signin(signin.java:12)
	at applicant.signin.signin(signin.java:12)
	at applicant.signin.signin(signin.java:12)
	at applicant.signin.signin(signin.java:12)
	at applicant.signin.signin(signin.java:12)
	at applicant.signin.signin(signin.java:12)
	at applicant.signin.signin(signin.java:12)
	at applicant.signin.signin(signin.java:12)
	at applicant.signin.signin(signin.java:12)
	at applicant.signin.signin(signin.java:12)
	at applicant.signin.signin(signin.java:12)
	at applicant.signin.signin(signin.java:12)
	at applicant.signin.signin(signin.java:12)
	at applicant.signin.signin(signin.java:12)
	at applicant.signin.signin(signin.java:12)
	at applicant.signin.signin(signin.java:12)
	at applicant.signin.signin(signin.java:12)
	at applicant.signin.signin(signin.java:12)
	at applicant.signin.signin(signin.java:12)
	at applicant.signin.signin(signin.java:12)
	at applicant.signin.signin(signin.java:12)
	at applicant.signin.signin(signin.java:12)
	at applicant.signin.signin(signin.java:12)
	at applicant.signin.signin(signin.java:12)
	at applicant.signin.signin(signin.java:12)
	at applicant.signin.signin(signin.java:12)
	at applicant.signin.signin(signin.java:12)
	at applicant.signin.signin(signin.java:12)
	at applicant.signin.signin(signin.java:12)
	at applicant.signin.signin(signin.java:12)
	at applicant.signin.signin(signin.java:12)
	at applicant.signin.signin(signin.java:12)
	at applicant.signin.signin(signin.java:12)
	at applicant.signin.signin(signin.java:12)
	at applicant.signin.signin(signin.java:12)
	at applicant.signin.signin(signin.java:12)
	at applicant.signin.signin(signin.java:12)
	at applicant.signin.signin(signin.java:12)
	at applicant.signin.signin(signin.java:12)
	at applicant.signin.signin(signin.java:12)
	at applicant.signin.signin(signin.java:12)
	at applicant.signin.signin(signin.java:12)
	at applicant.signin.signin(signin.java:12)
	at applicant.signin.signin(signin.java:12)
	at applicant.signin.signin(signin.java:12)
	at applicant.signin.signin(signin.java:12)
	at applicant.signin.signin(signin.java:12)
	at applicant.signin.signin(signin.java:12)
	at applicant.signin.signin(signin.java:12)
	at applicant.signin.signin(signin.java:12)
	at applicant.signin.signin(signin.java:12)
	at applicant.signin.signin(signin.java:12)
	at applicant.signin.signin(signin.java:12)
	at applicant.signin.signin(signin.java:12)
	at applicant.signin.signin(signin.java:12)
	at applicant.signin.signin(signin.java:12)
	at applicant.signin.signin(signin.java:12)
	at applicant.signin.signin(signin.java:12)
	at applicant.signin.signin(signin.java:12)
	at applicant.signin.signin(signin.java:12)
	at applicant.signin.signin(signin.java:12)
	at applicant.signin.signin(signin.java:12)
	at applicant.signin.signin(signin.java:12)
	at applicant.signin.signin(signin.java:12)
	at applicant.signin.signin(signin.java:12)
	at applicant.signin.signin(signin.java:12)
	at applicant.signin.signin(signin.java:12)
	at applicant.signin.signin(signin.java:12)
	at applicant.signin.signin(signin.java:12)
	at applicant.signin.signin(signin.java:12)
	at applicant.signin.signin(signin.java:12)
	at applicant.signin.signin(signin.java:12)
	at applicant.signin.signin(signin.java:12)
	at applicant.signin.signin(signin.java:12)
	at applicant.signin.signin(signin.java:12)
	at applicant.signin.signin(signin.java:12)
	at applicant.signin.signin(signin.java:12)
	at applicant.signin.signin(signin.java:12)
	at applicant.signin.signin(signin.java:12)
	at applicant.signin.signin(signin.java:12)
	at applicant.signin.signin(signin.java:12)
	at applicant.signin.signin(signin.java:12)
	at applicant.signin.signin(signin.java:12)
	at applicant.signin.signin(signin.java:12)
	at applicant.signin.signin(signin.java:12)
	at applicant.signin.signin(signin.java:12)
	at applicant.signin.signin(signin.java:12)
	at applicant.signin.signin(signin.java:12)
	at applicant.signin.signin(signin.java:12)
	at applicant.signin.signin(signin.java:12)
	at applicant.signin.signin(signin.java:12)
	at applicant.signin.signin(signin.java:12)
	at applicant.signin.signin(signin.java:12)
	at applicant.signin.signin(signin.java:12)
	at applicant.signin.signin(signin.java:12)
	at applicant.signin.signin(signin.java:12)
	at applicant.signin.signin(signin.java:12)
	at applicant.signin.signin(signin.java:12)
	at applicant.signin.signin(signin.java:12)
	at applicant.signin.signin(signin.java:12)
	at applicant.signin.signin(signin.java:12)
	at applicant.signin.signin(signin.java:12)
	at applicant.signin.signin(signin.java:12)
	at applicant.signin.signin(signin.java:12)
	at applicant.signin.signin(signin.java:12)
	at applicant.signin.signin(signin.java:12)
	at applicant.signin.signin(signin.java:12)
	at applicant.signin.signin(signin.java:12)
	at applicant.signin.signin(signin.java:12)
	at applicant.signin.signin(signin.java:12)
	at applicant.signin.signin(signin.java:12)
	at applicant.signin.signin(signin.java:12)
	at applicant.signin.signin(signin.java:12)
	at applicant.signin.signin(signin.java:12)
	at applicant.signin.signin(signin.java:12)
	at applicant.signin.signin(signin.java:12)
	at applicant.signin.signin(signin.java:12)
	at applicant.signin.signin(signin.java:12)
	at applicant.signin.signin(signin.java:12)
	at applicant.signin.signin(signin.java:12)
	at applicant.signin.signin(signin.java:12)
	at applicant.signin.signin(signin.java:12)
	at applicant.signin.signin(signin.java:12)
	at applicant.signin.signin(signin.java:12)
	at applicant.signin.signin(signin.java:12)
	at applicant.signin.signin(signin.java:12)
	at applicant.signin.signin(signin.java:12)
	at applicant.signin.signin(signin.java:12)
	at applicant.signin.signin(signin.java:12)
	at applicant.signin.signin(signin.java:12)
	at applicant.signin.signin(signin.java:12)
	at applicant.signin.signin(signin.java:12)
	at applicant.signin.signin(signin.java:12)
	at applicant.signin.signin(signin.java:12)
	at applicant.signin.signin(signin.java:12)
	at applicant.signin.signin(signin.java:12)
	at applicant.signin.signin(signin.java:12)
	at applicant.signin.signin(signin.java:12)
	at applicant.signin.signin(signin.java:12)
	at applicant.signin.signin(signin.java:12)
	at applicant.signin.signin(signin.java:12)
	at applicant.signin.signin(signin.java:12)
	at applicant.signin.signin(signin.java:12)
	at applicant.signin.signin(signin.java:12)
	at applicant.signin.signin(signin.java:12)
	at applicant.signin.signin(signin.java:12)
	at applicant.signin.signin(signin.java:12)
	at applicant.signin.signin(signin.java:12)
	at applicant.signin.signin(signin.java:12)
	at applicant.signin.signin(signin.java:12)
	at applicant.signin.signin(signin.java:12)
	at applicant.signin.signin(signin.java:12)
	at applicant.signin.signin(signin.java:12)
	at applicant.signin.signin(signin.java:12)
	at applicant.signin.signin(signin.java:12)
	at applicant.signin.signin(signin.java:12)
	at applicant.signin.signin(signin.java:12)
	at applicant.signin.signin(signin.java:12)
	at applicant.signin.signin(signin.java:12)
	at applicant.signin.signin(signin.java:12)
	at applicant.signin.signin(signin.java:12)
	at applicant.signin.signin(signin.java:12)
	at applicant.signin.signin(signin.java:12)
	at applicant.signin.signin(signin.java:12)
	at applicant.signin.signin(signin.java:12)
	at applicant.signin.signin(signin.java:12)
	at applicant.signin.signin(signin.java:12)
	at applicant.signin.signin(signin.java:12)
	at applicant.signin.signin(signin.java:12)
	at applicant.signin.signin(signin.java:12)
	at applicant.signin.signin(signin.java:12)
	at applicant.signin.signin(signin.java:12)
	at applicant.signin.signin(signin.java:12)
	at applicant.signin.signin(signin.java:12)
	at applicant.signin.signin(signin.java:12)
	at applicant.signin.signin(signin.java:12)
	at applicant.signin.signin(signin.java:12)
	at applicant.signin.signin(signin.java:12)
	at applicant.signin.signin(signin.java:12)
	at applicant.signin.signin(signin.java:12)
	at applicant.signin.signin(signin.java:12)
	at applicant.signin.signin(signin.java:12)
	at applicant.signin.signin(signin.java:12)
	at applicant.signin.signin(signin.java:12)
	at applicant.signin.signin(signin.java:12)
	at applicant.signin.signin(signin.java:12)
	at applicant.signin.signin(signin.java:12)
	at applicant.signin.signin(signin.java:12)
	at applicant.signin.signin(signin.java:12)
	at applicant.signin.signin(signin.java:12)
	at applicant.signin.signin(signin.java:12)
	at applicant.signin.signin(signin.java:12)
	at applicant.signin.signin(signin.java:12)
	at applicant.signin.signin(signin.java:12)
	at applicant.signin.signin(signin.java:12)
	at applicant.signin.signin(signin.java:12)
	at applicant.signin.signin(signin.java:12)
	at applicant.signin.signin(signin.java:12)
	at applicant.signin.signin(signin.java:12)
	at applicant.signin.signin(signin.java:12)
	at applicant.signin.signin(signin.java:12)
	at applicant.signin.signin(signin.java:12)
	at applicant.signin.signin(signin.java:12)
	at applicant.signin.signin(signin.java:12)
	at applicant.signin.signin(signin.java:12)
	at applicant.signin.signin(signin.java:12)
	at applicant.signin.signin(signin.java:12)
	at applicant.signin.signin(signin.java:12)
	at applicant.signin.signin(signin.java:12)
	at applicant.signin.signin(signin.java:12)
	at applicant.signin.signin(signin.java:12)
	at applicant.signin.signin(signin.java:12)
	at applicant.signin.signin(signin.java:12)
	at applicant.signin.signin(signin.java:12)
	at applicant.signin.signin(signin.java:12)
	at applicant.signin.signin(signin.java:12)
	at applicant.signin.signin(signin.java:12)
	at applicant.signin.signin(signin.java:12)
	at applicant.signin.signin(signin.java:12)
	at applicant.signin.signin(signin.java:12)
	at applicant.signin.signin(signin.java:12)
	at applicant.signin.signin(signin.java:12)
	at applicant.signin.signin(signin.java:12)
	at applicant.signin.signin(signin.java:12)
	at applicant.signin.signin(signin.java:12)
	at applicant.signin.signin(signin.java:12)
	at applicant.signin.signin(signin.java:12)
	at applicant.signin.signin(signin.java:12)
	at applicant.signin.signin(signin.java:12)
	at applicant.signin.signin(signin.java:12)
	at applicant.signin.signin(signin.java:12)
	at applicant.signin.signin(signin.java:12)
	at applicant.signin.signin(signin.java:12)
	at applicant.signin.signin(signin.java:12)
	at applicant.signin.signin(signin.java:12)
	at applicant.signin.signin(signin.java:12)
	at applicant.signin.signin(signin.java:12)
	at applicant.signin.signin(signin.java:12)
	at applicant.signin.signin(signin.java:12)
	at applicant.signin.signin(signin.java:12)
	at applicant.signin.signin(signin.java:12)
	at applicant.signin.signin(signin.java:12)
	at applicant.signin.signin(signin.java:12)
	at applicant.signin.signin(signin.java:12)
	at applicant.signin.signin(signin.java:12)
	at applicant.signin.signin(signin.java:12)
	at applicant.signin.signin(signin.java:12)
	at applicant.signin.signin(signin.java:12)
	at applicant.signin.signin(signin.java:12)
	at applicant.signin.signin(signin.java:12)
	at applicant.signin.signin(signin.java:12)
	at applicant.signin.signin(signin.java:12)
	at applicant.signin.signin(signin.java:12)
	at applicant.signin.signin(signin.java:12)
	at applicant.signin.signin(signin.java:12)
	at applicant.signin.signin(signin.java:12)
	at applicant.signin.signin(signin.java:12)
	at applicant.signin.signin(signin.java:12)
	at applicant.signin.signin(signin.java:12)
	at applicant.signin.signin(signin.java:12)
	at applicant.signin.signin(signin.java:12)
	at applicant.signin.signin(signin.java:12)
	at applicant.signin.signin(signin.java:12)
	at applicant.signin.signin(signin.java:12)
	at applicant.signin.signin(signin.java:12)
	at applicant.signin.signin(signin.java:12)
	at applicant.signin.signin(signin.java:12)
	at applicant.signin.signin(signin.java:12)
	at applicant.signin.signin(signin.java:12)
	at applicant.signin.signin(signin.java:12)
	at applicant.signin.signin(signin.java:12)
	at applicant.signin.signin(signin.java:12)
	at applicant.signin.signin(signin.java:12)
	at applicant.signin.signin(signin.java:12)
	at applicant.signin.signin(signin.java:12)
	at applicant.signin.signin(signin.java:12)
	at applicant.signin.signin(signin.java:12)
	at applicant.signin.signin(signin.java:12)
	at applicant.signin.signin(signin.java:12)
	at applicant.signin.signin(signin.java:12)
	at applicant.signin.signin(signin.java:12)
	at applicant.signin.signin(signin.java:12)
	at applicant.signin.signin(signin.java:12)
	at applicant.signin.signin(signin.java:12)
	at applicant.signin.signin(signin.java:12)
	at applicant.signin.signin(signin.java:12)
	at applicant.signin.signin(signin.java:12)
	at applicant.signin.signin(signin.java:12)
	at applicant.signin.signin(signin.java:12)
	at applicant.signin.signin(signin.java:12)
	at applicant.signin.signin(signin.java:12)
	at applicant.signin.signin(signin.java:12)
	at applicant.signin.signin(signin.java:12)
	at applicant.signin.signin(signin.java:12)
	at applicant.signin.signin(signin.java:12)
	at applicant.signin.signin(signin.java:12)
	at applicant.signin.signin(signin.java:12)
	at applicant.signin.signin(signin.java:12)
	at applicant.signin.signin(signin.java:12)
	at applicant.signin.signin(signin.java:12)
	at applicant.signin.signin(signin.java:12)
	at applicant.signin.signin(signin.java:12)
	at applicant.signin.signin(signin.java:12)
	at applicant.signin.signin(signin.java:12)
	at applicant.signin.signin(signin.java:12)
	at applicant.signin.signin(signin.java:12)
	at applicant.signin.signin(signin.java:12)
	at applicant.signin.signin(signin.java:12)
	at applicant.signin.signin(signin.java:12)
	at applicant.signin.signin(signin.java:12)
	at applicant.signin.signin(signin.java:12)
	at applicant.signin.signin(signin.java:12)
	at applicant.signin.signin(signin.java:12)
	at applicant.signin.signin(signin.java:12)
	at applicant.signin.signin(signin.java:12)
	at applicant.signin.signin(signin.java:12)
	at applicant.signin.signin(signin.java:12)
	at applicant.signin.signin(signin.java:12)
	at applicant.signin.signin(signin.java:12)
	at applicant.signin.signin(signin.java:12)
	at applicant.signin.signin(signin.java:12)
	at applicant.signin.signin(signin.java:12)
	at applicant.signin.signin(signin.java:12)
	at applicant.signin.signin(signin.java:12)
	at applicant.signin.signin(signin.java:12)
	at applicant.signin.signin(signin.java:12)
	at applicant.signin.signin(signin.java:12)
	at applicant.signin.signin(signin.java:12)
	at applicant.signin.signin(signin.java:12)
	at applicant.signin.signin(signin.java:12)
	at applicant.signin.signin(signin.java:12)
	at applicant.signin.signin(signin.java:12)
	at applicant.signin.signin(signin.java:12)
	at applicant.signin.signin(signin.java:12)
	at applicant.signin.signin(signin.java:12)
	at applicant.signin.signin(signin.java:12)
	at applicant.signin.signin(signin.java:12)
	at applicant.signin.signin(signin.java:12)
	at applicant.signin.signin(signin.java:12)
	at applicant.signin.signin(signin.java:12)
	at applicant.signin.signin(signin.java:12)
	at applicant.signin.signin(signin.java:12)
	at applicant.signin.signin(signin.java:12)
	at applicant.signin.signin(signin.java:12)
	at applicant.signin.signin(signin.java:12)
	at applicant.signin.signin(signin.java:12)
	at applicant.signin.signin(signin.java:12)
	at applicant.signin.signin(signin.java:12)
	at applicant.signin.signin(signin.java:12)
	at applicant.signin.signin(signin.java:12)
	at applicant.signin.signin(signin.java:12)
	at applicant.signin.signin(signin.java:12)
	at applicant.signin.signin(signin.java:12)
	at applicant.signin.signin(signin.java:12)
	at applicant.signin.signin(signin.java:12)
	at applicant.signin.signin(signin.java:12)
	at applicant.signin.signin(signin.java:12)
	at applicant.signin.signin(signin.java:12)
	at applicant.signin.signin(signin.java:12)
	at applicant.signin.signin(signin.java:12)
	at applicant.signin.signin(signin.java:12)
	at applicant.signin.signin(signin.java:12)
	at applicant.signin.signin(signin.java:12)
	at applicant.signin.signin(signin.java:12)
	at applicant.signin.signin(signin.java:12)
	at applicant.signin.signin(signin.java:12)
	at applicant.signin.signin(signin.java:12)
	at applicant.signin.signin(signin.java:12)
	at applicant.signin.signin(signin.java:12)
	at applicant.signin.signin(signin.java:12)
	at applicant.signin.signin(signin.java:12)
	at applicant.signin.signin(signin.java:12)
	at applicant.signin.signin(signin.java:12)
	at applicant.signin.signin(signin.java:12)
	at applicant.signin.signin(signin.java:12)
	at applicant.signin.signin(signin.java:12)
	at applicant.signin.signin(signin.java:12)
	at applicant.signin.signin(signin.java:12)
	at applicant.signin.signin(signin.java:12)
	at applicant.signin.signin(signin.java:12)
	at applicant.signin.signin(signin.java:12)
	at applicant.signin.signin(signin.java:12)
	at applicant.signin.signin(signin.java:12)
	at applicant.signin.signin(signin.java:12)
	at applicant.signin.signin(signin.java:12)
	at applicant.signin.signin(signin.java:12)
	at applicant.signin.signin(signin.java:12)
	at applicant.signin.signin(signin.java:12)
	at applicant.signin.signin(signin.java:12)
	at applicant.signin.signin(signin.java:12)
	at applicant.signin.signin(signin.java:12)
	at applicant.signin.signin(signin.java:12)
	at applicant.signin.signin(signin.java:12)
	at applicant.signin.signin(signin.java:12)
	at applicant.signin.signin(signin.java:12)
	at applicant.signin.signin(signin.java:12)
	at applicant.signin.signin(signin.java:12)
	at applicant.signin.signin(signin.java:12)
	at applicant.signin.signin(signin.java:12)
	at applicant.signin.signin(signin.java:12)
	at applicant.signin.signin(signin.java:12)
	at applicant.signin.signin(signin.java:12)
	at applicant.signin.signin(signin.java:12)
	at applicant.signin.signin(signin.java:12)
	at applicant.signin.signin(signin.java:12)
	at applicant.signin.signin(signin.java:12)
	at applicant.signin.signin(signin.java:12)
	at applicant.signin.signin(signin.java:12)
	at applicant.signin.signin(signin.java:12)
	at applicant.signin.signin(signin.java:12)
	at applicant.signin.signin(signin.java:12)
	at applicant.signin.signin(signin.java:12)
	at applicant.signin.signin(signin.java:12)
	at applicant.signin.signin(signin.java:12)
	at applicant.signin.signin(signin.java:12)
	at applicant.signin.signin(signin.java:12)
	at applicant.signin.signin(signin.java:12)
	at applicant.signin.signin(signin.java:12)
	at applicant.signin.signin(signin.java:12)
	at applicant.signin.signin(signin.java:12)
	at applicant.signin.signin(signin.java:12)
	at applicant.signin.signin(signin.java:12)
	at applicant.signin.signin(signin.java:12)
	at applicant.signin.signin(signin.java:12)
	at applicant.signin.signin(signin.java:12)
	at applicant.signin.signin(signin.java:12)
	at applicant.signin.signin(signin.java:12)
	at applicant.signin.signin(signin.java:12)
	at applicant.signin.signin(signin.java:12)
	at applicant.signin.signin(signin.java:12)
	at applicant.signin.signin(signin.java:12)
	at applicant.signin.signin(signin.java:12)
	at applicant.signin.signin(signin.java:12)
	at applicant.signin.signin(signin.java:12)
	at applicant.signin.signin(signin.java:12)
	at applicant.signin.signin(signin.java:12)
	at applicant.signin.signin(signin.java:12)
	at applicant.signin.signin(signin.java:12)
	at applicant.signin.signin(signin.java:12)
	at applicant.signin.signin(signin.java:12)
	at applicant.signin.signin(signin.java:12)
	at applicant.signin.signin(signin.java:12)
	at applicant.signin.signin(signin.java:12)
	at applicant.signin.signin(signin.java:12)
	at applicant.signin.signin(signin.java:12)
	at applicant.signin.signin(signin.java:12)
	at applicant.signin.signin(signin.java:12)
	at applicant.signin.signin(signin.java:12)
	at applicant.signin.signin(signin.java:12)
	at applicant.signin.signin(signin.java:12)
	at applicant.signin.signin(signin.java:12)
	at applicant.signin.signin(signin.java:12)
	at applicant.signin.signin(signin.java:12)
	at applicant.signin.signin(signin.java:12)
	at applicant.signin.signin(signin.java:12)
	at applicant.signin.signin(signin.java:12)
	at applicant.signin.signin(signin.java:12)
	at applicant.signin.signin(signin.java:12)
	at applicant.signin.signin(signin.java:12)
	at applicant.signin.signin(signin.java:12)
	at applicant.signin.signin(signin.java:12)
	at applicant.signin.signin(signin.java:12)
	at applicant.signin.signin(signin.java:12)
	at applicant.signin.signin(signin.java:12)
	at applicant.signin.signin(signin.java:12)
	at applicant.signin.signin(signin.java:12)
	at applicant.signin.signin(signin.java:12)
	at applicant.signin.signin(signin.java:12)
	at applicant.signin.signin(signin.java:12)
	at applicant.signin.signin(signin.java:12)
	at applicant.signin.signin(signin.java:12)
	at applicant.signin.signin(signin.java:12)
	at applicant.signin.signin(signin.java:12)
	at applicant.signin.signin(signin.java:12)
	at applicant.signin.signin(signin.java:12)
	at applicant.signin.signin(signin.java:12)
	at applicant.signin.signin(signin.java:12)
	at applicant.signin.signin(signin.java:12)
	at applicant.signin.signin(signin.java:12)
	at applicant.signin.signin(signin.java:12)
	at applicant.signin.signin(signin.java:12)
	at applicant.signin.signin(signin.java:12)
	at applicant.signin.signin(signin.java:12)
	at applicant.signin.signin(signin.java:12)
	at applicant.signin.signin(signin.java:12)
	at applicant.signin.signin(signin.java:12)
	at applicant.signin.signin(signin.java:12)
	at applicant.signin.signin(signin.java:12)
	at applicant.signin.signin(signin.java:12)
	at applicant.signin.signin(signin.java:12)
	at applicant.signin.signin(signin.java:12)
	at applicant.signin.signin(signin.java:12)
	at applicant.signin.signin(signin.java:12)
	at applicant.signin.signin(signin.java:12)
	at applicant.signin.signin(signin.java:12)
	at applicant.signin.signin(signin.java:12)
	at applicant.signin.signin(signin.java:12)
	at applicant.signin.signin(signin.java:12)
	at applicant.signin.signin(signin.java:12)
	at applicant.signin.signin(signin.java:12)
	at applicant.signin.signin(signin.java:12)
	at applicant.signin.signin(signin.java:12)
	at applicant.signin.signin(signin.java:12)
	at applicant.signin.signin(signin.java:12)
	at applicant.signin.signin(signin.java:12)
	at applicant.signin.signin(signin.java:12)
	at applicant.signin.signin(signin.java:12)
	at applicant.signin.signin(signin.java:12)
	at applicant.signin.signin(signin.java:12)
	at applicant.signin.signin(signin.java:12)
	at applicant.signin.signin(signin.java:12)
	at applicant.signin.signin(signin.java:12)
	at applicant.signin.signin(signin.java:12)
	at applicant.signin.signin(signin.java:12)
	at applicant.signin.signin(signin.java:12)
	at applicant.signin.signin(signin.java:12)
	at applicant.signin.signin(signin.java:12)
	at applicant.signin.signin(signin.java:12)
	at applicant.signin.signin(signin.java:12)
	at applicant.signin.signin(signin.java:12)
	at applicant.signin.signin(signin.java:12)
	at applicant.signin.signin(signin.java:12)
	at applicant.signin.signin(signin.java:12)
	at applicant.signin.signin(signin.java:12)
	at applicant.signin.signin(signin.java:12)
	at applicant.signin.signin(signin.java:12)
	at applicant.signin.signin(signin.java:12)
	at applicant.signin.signin(signin.java:12)
	at applicant.signin.signin(signin.java:12)
	at applicant.signin.signin(signin.java:12)
	at applicant.signin.signin(signin.java:12)
	at applicant.signin.signin(signin.java:12)
	at applicant.signin.signin(signin.java:12)
	at applicant.signin.signin(signin.java:12)
	at applicant.signin.signin(signin.java:12)
	at applicant.signin.signin(signin.java:12)
	at applicant.signin.signin(signin.java:12)
	at applicant.signin.signin(signin.java:12)
	at applicant.signin.signin(signin.java:12)
	at applicant.signin.signin(signin.java:12)
	at applicant.signin.signin(signin.java:12)
	at applicant.signin.signin(signin.java:12)
	at applicant.signin.signin(signin.java:12)
	at applicant.signin.signin(signin.java:12)
	at applicant.signin.signin(signin.java:12)
	at applicant.signin.signin(signin.java:12)
	at applicant.signin.signin(signin.java:12)
	at applicant.signin.signin(signin.java:12)
	at applicant.signin.signin(signin.java:12)
	at applicant.signin.signin(signin.java:12)
	at applicant.signin.signin(signin.java:12)
	at applicant.signin.signin(signin.java:12)
	at applicant.signin.signin(signin.java:12)
	at applicant.signin.signin(signin.java:12)
	at applicant.signin.signin(signin.java:12)
	at applicant.signin.signin(signin.java:12)
	at applicant.signin.signin(signin.java:12)
	at applicant.signin.signin(signin.java:12)
	at applicant.signin.signin(signin.java:12)
	at applicant.signin.signin(signin.java:12)
	at applicant.signin.signin(signin.java:12)
	at applicant.signin.signin(signin.java:12)
	at applicant.signin.signin(signin.java:12)
	at applicant.signin.signin(signin.java:12)
	at applicant.signin.signin(signin.java:12)
	at applicant.signin.signin(signin.java:12)
	at applicant.signin.signin(signin.java:12)
	at applicant.signin.signin(signin.java:12)
	at applicant.signin.signin(signin.java:12)
	at applicant.signin.signin(signin.java:12)
	at applicant.signin.signin(signin.java:12)
	at applicant.signin.signin(signin.java:12)
	at applicant.signin.signin(signin.java:12)
	at applicant.signin.signin(signin.java:12)
	at applicant.signin.signin(signin.java:12)
	at applicant.signin.signin(signin.java:12)
	at applicant.signin.signin(signin.java:12)
	at applicant.signin.signin(signin.java:12)
	at applicant.signin.signin(signin.java:12)
	at applicant.signin.signin(signin.java:12)
	at applicant.signin.signin(signin.java:12)
	at applicant.signin.signin(signin.java:12)
	at applicant.signin.signin(signin.java:12)
	at applicant.signin.signin(signin.java:12)
	at applicant.signin.signin(signin.java:12)
	at applicant.signin.signin(signin.java:12)
	at applicant.signin.signin(signin.java:12)
	at applicant.signin.signin(signin.java:12)
	at applicant.signin.signin(signin.java:12)
	at applicant.signin.signin(signin.java:12)
	at applicant.signin.signin(signin.java:12)
	at applicant.signin.signin(signin.java:12)
	at applicant.signin.signin(signin.java:12)
	at applicant.signin.signin(signin.java:12)
	at applicant.signin.signin(signin.java:12)
	at applicant.signin.signin(signin.java:12)
	at applicant.signin.signin(signin.java:12)
	at applicant.signin.signin(signin.java:12)
	at applicant.signin.signin(signin.java:12)
	at applicant.signin.signin(signin.java:12)
	at applicant.signin.signin(signin.java:12)
	at applicant.signin.signin(signin.java:12)
	at applicant.signin.signin(signin.java:12)
	at applicant.signin.signin(signin.java:12)
	at applicant.signin.signin(signin.java:12)
	at applicant.signin.signin(signin.java:12)
	at applicant.signin.signin(signin.java:12)
	at applicant.signin.signin(signin.java:12)
	at applicant.signin.signin(signin.java:12)
	at applicant.signin.signin(signin.java:12)
	at applicant.signin.signin(signin.java:12)
	at applicant.signin.signin(signin.java:12)
	at applicant.signin.signin(signin.java:12)
	at applicant.signin.signin(signin.java:12)
	at applicant.signin.signin(signin.java:12)
	at applicant.signin.signin(signin.java:12)
	at applicant.signin.signin(signin.java:12)
	at applicant.signin.signin(signin.java:12)
	at applicant.signin.signin(signin.java:12)
	at applicant.signin.signin(signin.java:12)
	at applicant.signin.signin(signin.java:12)
	at applicant.signin.signin(signin.java:12)
	at applicant.signin.signin(signin.java:12)
	at applicant.signin.signin(signin.java:12)
	at applicant.signin.signin(signin.java:12)
	at applicant.signin.signin(signin.java:12)
	at applicant.signin.signin(signin.java:12)
	at applicant.signin.signin(signin.java:12)
	at applicant.signin.signin(signin.java:12)
	at applicant.signin.signin(signin.java:12)
	at applicant.signin.signin(signin.java:12)
	at applicant.signin.signin(signin.java:12)
	at applicant.signin.signin(signin.java:12)
	at applicant.signin.signin(signin.java:12)
	at applicant.signin.signin(signin.java:12)
	at applicant.signin.signin(signin.java:12)
	at applicant.signin.signin(signin.java:12)
	at applicant.signin.signin(signin.java:12)
	at applicant.signin.signin(signin.java:12)
	at applicant.signin.signin(signin.java:12)
	at applicant.signin.signin(signin.java:12)
	at applicant.signin.signin(signin.java:12)
	at applicant.signin.signin(signin.java:12)
	at applicant.signin.signin(signin.java:12)
	at applicant.signin.signin(signin.java:12)
	at applicant.signin.signin(signin.java:12)
	at applicant.signin.signin(signin.java:12)
	at applicant.signin.signin(signin.java:12)
	at applicant.signin.signin(signin.java:12)
	at applicant.signin.signin(signin.java:12)
	at applicant.signin.signin(signin.java:12)
	at applicant.signin.signin(signin.java:12)
	at applicant.signin.signin(signin.java:12)
	at applicant.signin.signin(signin.java:12)
	at applicant.signin.signin(signin.java:12)
	at applicant.signin.signin(signin.java:12)
	at applicant.signin.signin(signin.java:12)
	at applicant.signin.signin(signin.java:12)
	at applicant.signin.signin(signin.java:12)
	at applicant.signin.signin(signin.java:12)
	at applicant.signin.signin(signin.java:12)
	at applicant.signin.signin(signin.java:12)
	at applicant.signin.signin(signin.java:12)
	at applicant.signin.signin(signin.java:12)
	at applicant.signin.signin(signin.java:12)
	at applicant.signin.signin(signin.java:12)
	at applicant.signin.signin(signin.java:12)
	at applicant.signin.signin(signin.java:12)
	at applicant.signin.signin(signin.java:12)
	at applicant.signin.signin(signin.java:12)
	at applicant.signin.signin(signin.java:12)
	at applicant.signin.signin(signin.java:12)
	at applicant.signin.signin(signin.java:12)
	at applicant.signin.signin(signin.java:12)
	at applicant.signin.signin(signin.java:12)
	at applicant.signin.signin(signin.java:12)
	at applicant.signin.signin(signin.java:12)
	at applicant.signin.signin(signin.java:12)
]]>
            </full-stacktrace>
          </exception> <!-- java.lang.StackOverflowError -->
          <reporter-output>
          </reporter-output>
        </test-method> <!-- signin -->
        <test-method status="PASS" signature="tearDown()[pri:0, instance:applicant.signin@11c9af63]" name="tearDown" is-config="true" duration-ms="4187" started-at="2020-01-28T11:02:46Z" finished-at="2020-01-28T11:02:50Z">
          <reporter-output>
          </reporter-output>
        </test-method> <!-- tearDown -->
      </class> <!-- applicant.signin -->
    </test> <!-- Default test -->
  </suite> <!-- Default suite -->
</testng-results>
